This is pdfTeX, Version 3.141592653-2.6-1.40.22 (TeX Live 2021) (preloaded format=pdflatex 2021.6.2)  2 SEP 2021 16:24
entering extended mode
 restricted \write18 enabled.
 file:line:error style messages enabled.
 %&-line parsing enabled.
**BC_NHOM1.tex
(./BC_NHOM1.tex
LaTeX2e <2020-10-01> patch level 4
L3 programming layer <2021-02-18>
(/usr/local/texlive/2021/texmf-dist/tex/latex/base/report.cls
Document Class: report 2020/04/10 v1.4m Standard LaTeX document class
(/usr/local/texlive/2021/texmf-dist/tex/latex/base/size12.clo
File: size12.clo 2020/04/10 v1.4m Standard LaTeX file (size option)
)
\c@part=\count179
\c@chapter=\count180
\c@section=\count181
\c@subsection=\count182
\c@subsubsection=\count183
\c@paragraph=\count184
\c@subparagraph=\count185
\c@figure=\count186
\c@table=\count187
\abovecaptionskip=\skip47
\belowcaptionskip=\skip48
\bibindent=\dimen138
)
(/usr/local/texlive/2021/texmf-dist/tex/latex/base/inputenc.sty
Package: inputenc 2020/08/01 v1.3d Input encoding file
\inpenc@prehook=\toks15
\inpenc@posthook=\toks16
)
(/usr/local/texlive/2021/texmf-dist/tex/generic/babel/babel.sty
Package: babel 2021/03/24 3.56 The Babel package

(/usr/local/texlive/2021/texmf-dist/tex/generic/babel/babel.def
File: babel.def 2021/03/24 3.56 Babel common definitions
\babel@savecnt=\count188
\U@D=\dimen139
\l@babelnohyphens=\language87

(/usr/local/texlive/2021/texmf-dist/tex/generic/babel/txtbabel.def)
\bbl@readstream=\read2
)
\bbl@dirlevel=\count189
Package babel Info: You haven't specified a language. I'll use 'nil'
(babel)             as the main language. Reported on input line 1160.

(/usr/local/texlive/2021/texmf-dist/tex/generic/babel/nil.ldf
Language: nil 2021/03/24 3.56 Nil language
\l@nil=\language88
))
(/usr/local/texlive/2021/texmf-dist/tex/latex/fancyhdr/fancyheadings.sty
Package: fancyheadings 2021/01/28 v4.0.1 Legacy package to call fancyhdr


Package fancyheadings Warning: Please stop using fancyheadings!
(fancyheadings)                Use fancyhdr instead.
(fancyheadings)                We will call fancyhdr with the very same
(fancyheadings)                options you passed to fancyheadings.
(fancyheadings)                
(fancyheadings)                fancyhdr is 99 percent compatible with
(fancyheadings)                fancyheadings. The only incompatibility is
(fancyheadings)                that \headrulewidth and \footrulewidth and
(fancyheadings)                their \plain... versions are no longer length
(fancyheadings)                parameters, but normal macros (to be changed
(fancyheadings)                with \renewcommand rather than \setlength)..

(/usr/local/texlive/2021/texmf-dist/tex/latex/fancyhdr/fancyhdr.sty
Package: fancyhdr 2021/01/28 v4.0.1 Extensive control of page headers and foote
rs
\f@nch@headwidth=\skip49
\f@nch@O@elh=\skip50
\f@nch@O@erh=\skip51
\f@nch@O@olh=\skip52
\f@nch@O@orh=\skip53
\f@nch@O@elf=\skip54
\f@nch@O@erf=\skip55
\f@nch@O@olf=\skip56
\f@nch@O@orf=\skip57
))
(/usr/local/texlive/2021/texmf-dist/tex/latex/vntex/vietnam.sty
Package: vietnam 2009/07/12 v1.3 support for Vietnamese

(/usr/local/texlive/2021/texmf-dist/tex/latex/base/ifthen.sty
Package: ifthen 2014/09/29 v1.1c Standard LaTeX ifthen package (DPC)
)
(/usr/local/texlive/2021/texmf-dist/tex/latex/base/fontenc.sty
Package: fontenc 2020/08/10 v2.0s Standard LaTeX package

(/usr/local/texlive/2021/texmf-dist/tex/latex/vntex/t5enc.def
File: t5enc.def 2006/11/21 v1.4 Vietnamese T5 encoding
Now handling font encoding T5 ...
... processing UTF-8 mapping file for font encoding T5

(/usr/local/texlive/2021/texmf-dist/tex/latex/vntex/t5enc.dfu
File: t5enc.dfu 2006/08/19 v1.1 UTF8 support for Vietnamese
   defining Unicode char U+00AB (decimal 171)
   defining Unicode char U+00BB (decimal 187)
   defining Unicode char U+00C0 (decimal 192)
   defining Unicode char U+00C1 (decimal 193)
   defining Unicode char U+00C2 (decimal 194)
   defining Unicode char U+00C3 (decimal 195)
   defining Unicode char U+00C8 (decimal 200)
   defining Unicode char U+00C9 (decimal 201)
   defining Unicode char U+00CA (decimal 202)
   defining Unicode char U+00CC (decimal 204)
   defining Unicode char U+00CD (decimal 205)
   defining Unicode char U+00D2 (decimal 210)
   defining Unicode char U+00D3 (decimal 211)
   defining Unicode char U+00D4 (decimal 212)
   defining Unicode char U+00D5 (decimal 213)
   defining Unicode char U+00D9 (decimal 217)
   defining Unicode char U+00DA (decimal 218)
   defining Unicode char U+00DD (decimal 221)
   defining Unicode char U+00E0 (decimal 224)
   defining Unicode char U+00E1 (decimal 225)
   defining Unicode char U+00E2 (decimal 226)
   defining Unicode char U+00E3 (decimal 227)
   defining Unicode char U+00E8 (decimal 232)
   defining Unicode char U+00E9 (decimal 233)
   defining Unicode char U+00EA (decimal 234)
   defining Unicode char U+00EC (decimal 236)
   defining Unicode char U+00ED (decimal 237)
   defining Unicode char U+00F2 (decimal 242)
   defining Unicode char U+00F3 (decimal 243)
   defining Unicode char U+00F4 (decimal 244)
   defining Unicode char U+00F5 (decimal 245)
   defining Unicode char U+00F9 (decimal 249)
   defining Unicode char U+00FA (decimal 250)
   defining Unicode char U+00FD (decimal 253)
   defining Unicode char U+0102 (decimal 258)
   defining Unicode char U+0103 (decimal 259)
   defining Unicode char U+0110 (decimal 272)
   defining Unicode char U+0111 (decimal 273)
   defining Unicode char U+0128 (decimal 296)
   defining Unicode char U+0129 (decimal 297)
   defining Unicode char U+0131 (decimal 305)
   defining Unicode char U+0168 (decimal 360)
   defining Unicode char U+0169 (decimal 361)
   defining Unicode char U+01A0 (decimal 416)
   defining Unicode char U+01A1 (decimal 417)
   defining Unicode char U+01AF (decimal 431)
   defining Unicode char U+01B0 (decimal 432)
   defining Unicode char U+1EA0 (decimal 7840)
   defining Unicode char U+1EA1 (decimal 7841)
   defining Unicode char U+1EA2 (decimal 7842)
   defining Unicode char U+1EA3 (decimal 7843)
   defining Unicode char U+1EA4 (decimal 7844)
   defining Unicode char U+1EA5 (decimal 7845)
   defining Unicode char U+1EA6 (decimal 7846)
   defining Unicode char U+1EA7 (decimal 7847)
   defining Unicode char U+1EA8 (decimal 7848)
   defining Unicode char U+1EA9 (decimal 7849)
   defining Unicode char U+1EAA (decimal 7850)
   defining Unicode char U+1EAB (decimal 7851)
   defining Unicode char U+1EAC (decimal 7852)
   defining Unicode char U+1EAD (decimal 7853)
   defining Unicode char U+1EAE (decimal 7854)
   defining Unicode char U+1EAF (decimal 7855)
   defining Unicode char U+1EB0 (decimal 7856)
   defining Unicode char U+1EB1 (decimal 7857)
   defining Unicode char U+1EB2 (decimal 7858)
   defining Unicode char U+1EB3 (decimal 7859)
   defining Unicode char U+1EB4 (decimal 7860)
   defining Unicode char U+1EB5 (decimal 7861)
   defining Unicode char U+1EB6 (decimal 7862)
   defining Unicode char U+1EB7 (decimal 7863)
   defining Unicode char U+1EB8 (decimal 7864)
   defining Unicode char U+1EB9 (decimal 7865)
   defining Unicode char U+1EBA (decimal 7866)
   defining Unicode char U+1EBB (decimal 7867)
   defining Unicode char U+1EBC (decimal 7868)
   defining Unicode char U+1EBD (decimal 7869)
   defining Unicode char U+1EBE (decimal 7870)
   defining Unicode char U+1EBF (decimal 7871)
   defining Unicode char U+1EC0 (decimal 7872)
   defining Unicode char U+1EC1 (decimal 7873)
   defining Unicode char U+1EC2 (decimal 7874)
   defining Unicode char U+1EC3 (decimal 7875)
   defining Unicode char U+1EC4 (decimal 7876)
   defining Unicode char U+1EC5 (decimal 7877)
   defining Unicode char U+1EC6 (decimal 7878)
   defining Unicode char U+1EC7 (decimal 7879)
   defining Unicode char U+1EC8 (decimal 7880)
   defining Unicode char U+1EC9 (decimal 7881)
   defining Unicode char U+1ECA (decimal 7882)
   defining Unicode char U+1ECB (decimal 7883)
   defining Unicode char U+1ECC (decimal 7884)
   defining Unicode char U+1ECD (decimal 7885)
   defining Unicode char U+1ECE (decimal 7886)
   defining Unicode char U+1ECF (decimal 7887)
   defining Unicode char U+1ED0 (decimal 7888)
   defining Unicode char U+1ED1 (decimal 7889)
   defining Unicode char U+1ED2 (decimal 7890)
   defining Unicode char U+1ED3 (decimal 7891)
   defining Unicode char U+1ED4 (decimal 7892)
   defining Unicode char U+1ED5 (decimal 7893)
   defining Unicode char U+1ED6 (decimal 7894)
   defining Unicode char U+1ED7 (decimal 7895)
   defining Unicode char U+1ED8 (decimal 7896)
   defining Unicode char U+1ED9 (decimal 7897)
   defining Unicode char U+1EDA (decimal 7898)
   defining Unicode char U+1EDB (decimal 7899)
   defining Unicode char U+1EDC (decimal 7900)
   defining Unicode char U+1EDD (decimal 7901)
   defining Unicode char U+1EDE (decimal 7902)
   defining Unicode char U+1EDF (decimal 7903)
   defining Unicode char U+1EE0 (decimal 7904)
   defining Unicode char U+1EE1 (decimal 7905)
   defining Unicode char U+1EE2 (decimal 7906)
   defining Unicode char U+1EE3 (decimal 7907)
   defining Unicode char U+1EE4 (decimal 7908)
   defining Unicode char U+1EE5 (decimal 7909)
   defining Unicode char U+1EE6 (decimal 7910)
   defining Unicode char U+1EE7 (decimal 7911)
   defining Unicode char U+1EE8 (decimal 7912)
   defining Unicode char U+1EE9 (decimal 7913)
   defining Unicode char U+1EEA (decimal 7914)
   defining Unicode char U+1EEB (decimal 7915)
   defining Unicode char U+1EEC (decimal 7916)
   defining Unicode char U+1EED (decimal 7917)
   defining Unicode char U+1EEE (decimal 7918)
   defining Unicode char U+1EEF (decimal 7919)
   defining Unicode char U+1EF0 (decimal 7920)
   defining Unicode char U+1EF1 (decimal 7921)
   defining Unicode char U+1EF2 (decimal 7922)
   defining Unicode char U+1EF3 (decimal 7923)
   defining Unicode char U+1EF4 (decimal 7924)
   defining Unicode char U+1EF5 (decimal 7925)
   defining Unicode char U+1EF6 (decimal 7926)
   defining Unicode char U+1EF7 (decimal 7927)
   defining Unicode char U+1EF8 (decimal 7928)
   defining Unicode char U+1EF9 (decimal 7929)
   defining Unicode char U+200C (decimal 8204)
   defining Unicode char U+2013 (decimal 8211)
   defining Unicode char U+2014 (decimal 8212)
   defining Unicode char U+2018 (decimal 8216)
   defining Unicode char U+2019 (decimal 8217)
   defining Unicode char U+201A (decimal 8218)
   defining Unicode char U+201C (decimal 8220)
   defining Unicode char U+201D (decimal 8221)
   defining Unicode char U+201E (decimal 8222)
   defining Unicode char U+2030 (decimal 8240)
   defining Unicode char U+2031 (decimal 8241)
   defining Unicode char U+2039 (decimal 8249)
   defining Unicode char U+203A (decimal 8250)
   defining Unicode char U+2423 (decimal 9251)
))
LaTeX Font Info:    Trying to load font information for T5+cmr on input line 11
2.

(/usr/local/texlive/2021/texmf-dist/tex/latex/vntex/t5cmr.fd
File: t5cmr.fd 1999/05/25 v2.5h Standard LaTeX font definitions
))
(/usr/local/texlive/2021/texmf-dist/tex/latex/vntex/vncaps.tex
File: vncaps.tex 2006/06/07 v1.1 Captions in Vietnamese
))
(/usr/local/texlive/2021/texmf-dist/tex/latex/geometry/geometry.sty
Package: geometry 2020/01/02 v5.9 Page Geometry

(/usr/local/texlive/2021/texmf-dist/tex/latex/graphics/keyval.sty
Package: keyval 2014/10/28 v1.15 key=value parser (DPC)
\KV@toks@=\toks17
)
(/usr/local/texlive/2021/texmf-dist/tex/generic/iftex/ifvtex.sty
Package: ifvtex 2019/10/25 v1.7 ifvtex legacy package. Use iftex instead.

(/usr/local/texlive/2021/texmf-dist/tex/generic/iftex/iftex.sty
Package: iftex 2020/03/06 v1.0d TeX engine tests
))
\Gm@cnth=\count190
\Gm@cntv=\count191
\c@Gm@tempcnt=\count192
\Gm@bindingoffset=\dimen140
\Gm@wd@mp=\dimen141
\Gm@odd@mp=\dimen142
\Gm@even@mp=\dimen143
\Gm@layoutwidth=\dimen144
\Gm@layoutheight=\dimen145
\Gm@layouthoffset=\dimen146
\Gm@layoutvoffset=\dimen147
\Gm@dimlist=\toks18
)
(/usr/local/texlive/2021/texmf-dist/tex/latex/graphics/graphicx.sty
Package: graphicx 2020/09/09 v1.2b Enhanced LaTeX Graphics (DPC,SPQR)

(/usr/local/texlive/2021/texmf-dist/tex/latex/graphics/graphics.sty
Package: graphics 2020/08/30 v1.4c Standard LaTeX Graphics (DPC,SPQR)

(/usr/local/texlive/2021/texmf-dist/tex/latex/graphics/trig.sty
Package: trig 2016/01/03 v1.10 sin cos tan (DPC)
)
(/usr/local/texlive/2021/texmf-dist/tex/latex/graphics-cfg/graphics.cfg
File: graphics.cfg 2016/06/04 v1.11 sample graphics configuration
)
Package graphics Info: Driver file: pdftex.def on input line 105.

(/usr/local/texlive/2021/texmf-dist/tex/latex/graphics-def/pdftex.def
File: pdftex.def 2020/10/05 v1.2a Graphics/color driver for pdftex
))
\Gin@req@height=\dimen148
\Gin@req@width=\dimen149
)
(/usr/local/texlive/2021/texmf-dist/tex/latex/url/url.sty
\Urlmuskip=\muskip16
Package: url 2013/09/16  ver 3.4  Verb mode for urls, etc.
)
(/usr/local/texlive/2021/texmf-dist/tex/latex/listings/listings.sty
\lst@mode=\count193
\lst@gtempboxa=\box47
\lst@token=\toks19
\lst@length=\count194
\lst@currlwidth=\dimen150
\lst@column=\count195
\lst@pos=\count196
\lst@lostspace=\dimen151
\lst@width=\dimen152
\lst@newlines=\count197
\lst@lineno=\count198
\lst@maxwidth=\dimen153

(/usr/local/texlive/2021/texmf-dist/tex/latex/listings/lstmisc.sty
File: lstmisc.sty 2020/03/24 1.8d (Carsten Heinz)
\c@lstnumber=\count199
\lst@skipnumbers=\count266
\lst@framebox=\box48
)
(/usr/local/texlive/2021/texmf-dist/tex/latex/listings/listings.cfg
File: listings.cfg 2020/03/24 1.8d listings configuration
))
Package: listings 2020/03/24 1.8d (Carsten Heinz)

(/usr/local/texlive/2021/texmf-dist/tex/latex/multirow/multirow.sty
Package: multirow 2021/03/15 v2.8 Span multiple rows of a table
\multirow@colwidth=\skip58
\multirow@cntb=\count267
\multirow@dima=\skip59
\bigstrutjot=\dimen154
)
(/usr/local/texlive/2021/texmf-dist/tex/latex/graphics/color.sty
Package: color 2020/02/24 v1.2b Standard LaTeX Color (DPC)

(/usr/local/texlive/2021/texmf-dist/tex/latex/graphics-cfg/color.cfg
File: color.cfg 2016/01/02 v1.6 sample color configuration
)
Package color Info: Driver file: pdftex.def on input line 147.
)
(/usr/local/texlive/2021/texmf-dist/tex/latex/titlesec/titletoc.sty
Package: titletoc 2019/10/16 v2.13 TOC entries
\ttl@leftsep=\dimen155
)
(/usr/local/texlive/2021/texmf-dist/tex/latex/tools/array.sty
Package: array 2020/10/01 v2.5c Tabular extension package (FMi)
\col@sep=\dimen156
\ar@mcellbox=\box49
\extrarowheight=\dimen157
\NC@list=\toks20
\extratabsurround=\skip60
\backup@length=\skip61
\ar@cellbox=\box50
)
(/usr/local/texlive/2021/texmf-dist/tex/latex/tools/longtable.sty
Package: longtable 2020/01/07 v4.13 Multi-page Table package (DPC)
\LTleft=\skip62
\LTright=\skip63
\LTpre=\skip64
\LTpost=\skip65
\LTchunksize=\count268
\LTcapwidth=\dimen158
\LT@head=\box51
\LT@firsthead=\box52
\LT@foot=\box53
\LT@lastfoot=\box54
\LT@cols=\count269
\LT@rows=\count270
\c@LT@tables=\count271
\c@LT@chunks=\count272
\LT@p@ftn=\toks21
)
(/usr/local/texlive/2021/texmf-dist/tex/latex/tabulary/tabulary.sty
Package: tabulary 2014/06/11 v0.10 tabulary package (DPC)
\TY@count=\count273
\TY@linewidth=\dimen159
\tymin=\dimen160
\tymax=\dimen161
\TY@tablewidth=\dimen162
)
(/usr/local/texlive/2021/texmf-dist/tex/latex/float/float.sty
Package: float 2001/11/08 v1.3d Float enhancements (AL)
\c@float@type=\count274
\float@exts=\toks22
\float@box=\box55
\@float@everytoks=\toks23
\@floatcapt=\box56
)
(/usr/local/texlive/2021/texmf-dist/tex/latex/tools/indentfirst.sty
Package: indentfirst 1995/11/23 v1.03 Indent first paragraph (DPC)
)
(/usr/local/texlive/2021/texmf-dist/tex/latex/psnfss/mathptmx.sty
Package: mathptmx 2020/03/25 PSNFSS-v9.3 Times w/ Math, improved (SPQR, WaS) 
LaTeX Font Info:    Redeclaring symbol font `operators' on input line 28.
LaTeX Font Info:    Overwriting symbol font `operators' in version `normal'
(Font)                  OT1/cmr/m/n --> OT1/ztmcm/m/n on input line 28.
LaTeX Font Info:    Overwriting symbol font `operators' in version `bold'
(Font)                  OT1/cmr/bx/n --> OT1/ztmcm/m/n on input line 28.
LaTeX Font Info:    Redeclaring symbol font `letters' on input line 29.
LaTeX Font Info:    Overwriting symbol font `letters' in version `normal'
(Font)                  OML/cmm/m/it --> OML/ztmcm/m/it on input line 29.
LaTeX Font Info:    Overwriting symbol font `letters' in version `bold'
(Font)                  OML/cmm/b/it --> OML/ztmcm/m/it on input line 29.
LaTeX Font Info:    Redeclaring symbol font `symbols' on input line 30.
LaTeX Font Info:    Overwriting symbol font `symbols' in version `normal'
(Font)                  OMS/cmsy/m/n --> OMS/ztmcm/m/n on input line 30.
LaTeX Font Info:    Overwriting symbol font `symbols' in version `bold'
(Font)                  OMS/cmsy/b/n --> OMS/ztmcm/m/n on input line 30.
LaTeX Font Info:    Redeclaring symbol font `largesymbols' on input line 31.
LaTeX Font Info:    Overwriting symbol font `largesymbols' in version `normal'
(Font)                  OMX/cmex/m/n --> OMX/ztmcm/m/n on input line 31.
LaTeX Font Info:    Overwriting symbol font `largesymbols' in version `bold'
(Font)                  OMX/cmex/m/n --> OMX/ztmcm/m/n on input line 31.
\symbold=\mathgroup4
\symitalic=\mathgroup5
LaTeX Font Info:    Redeclaring math alphabet \mathbf on input line 34.
LaTeX Font Info:    Overwriting math alphabet `\mathbf' in version `normal'
(Font)                  OT1/cmr/bx/n --> OT1/ptm/bx/n on input line 34.
LaTeX Font Info:    Overwriting math alphabet `\mathbf' in version `bold'
(Font)                  OT1/cmr/bx/n --> OT1/ptm/bx/n on input line 34.
LaTeX Font Info:    Redeclaring math alphabet \mathit on input line 35.
LaTeX Font Info:    Overwriting math alphabet `\mathit' in version `normal'
(Font)                  OT1/cmr/m/it --> OT1/ptm/m/it on input line 35.
LaTeX Font Info:    Overwriting math alphabet `\mathit' in version `bold'
(Font)                  OT1/cmr/bx/it --> OT1/ptm/m/it on input line 35.
LaTeX Info: Redefining \hbar on input line 50.
)
(/usr/local/texlive/2021/texmf-dist/tex/latex/tabu/tabu.sty
Package: tabu 2019/01/11 v2.9 - flexible LaTeX tabulars (FC+tabu-fixed)

(/usr/local/texlive/2021/texmf-dist/tex/latex/varwidth/varwidth.sty
Package: varwidth 2009/03/30 ver 0.92;  Variable-width minipages
\@vwid@box=\box57
\sift@deathcycles=\count275
\@vwid@loff=\dimen163
\@vwid@roff=\dimen164
)
\c@taburow=\count276
\tabu@nbcols=\count277
\tabu@cnt=\count278
\tabu@Xcol=\count279
\tabu@alloc=\count280
\tabu@nested=\count281
\tabu@target=\dimen165
\tabu@spreadtarget=\dimen166
\tabu@naturalX=\dimen167
\tabucolX=\dimen168
\tabu@Xsum=\dimen169
\extrarowdepth=\dimen170
\abovetabulinesep=\dimen171
\belowtabulinesep=\dimen172
\tabustrutrule=\dimen173
\tabu@thebody=\toks24
\tabu@footnotes=\toks25
\tabu@box=\box58
\tabu@arstrutbox=\box59
\tabu@hleads=\box60
\tabu@vleads=\box61
\tabu@cellskip=\skip66
)
(/usr/local/texlive/2021/texmf-dist/tex/latex/caption/caption.sty
Package: caption 2020/10/26 v3.5g Customizing captions (AR)

(/usr/local/texlive/2021/texmf-dist/tex/latex/caption/caption3.sty
Package: caption3 2020/10/21 v2.2e caption3 kernel (AR)
\captionmargin=\dimen174
\captionmargin@=\dimen175
\captionwidth=\dimen176
\caption@tempdima=\dimen177
\caption@indent=\dimen178
\caption@parindent=\dimen179
\caption@hangindent=\dimen180
Package caption Info: Standard document class detected.
)
\c@caption@flags=\count282
\c@continuedfloat=\count283
Package caption Info: float package is loaded.
Package caption Info: listings package is loaded.
Package caption Info: longtable package is loaded.

(/usr/local/texlive/2021/texmf-dist/tex/latex/caption/ltcaption.sty
Package: ltcaption 2020/05/30 v1.4b longtable captions (AR)
))
(/usr/local/texlive/2021/texmf-dist/tex/latex/graphics/lscape.sty
Package: lscape 2020/05/28 v3.02 Landscape Pages (DPC)
)
(/usr/local/texlive/2021/texmf-dist/tex/latex/psnfss/pifont.sty
Package: pifont 2020/03/25 PSNFSS-v9.3 Pi font support (SPQR) 
LaTeX Font Info:    Trying to load font information for U+pzd on input line 63.


(/usr/local/texlive/2021/texmf-dist/tex/latex/psnfss/upzd.fd
File: upzd.fd 2001/06/04 font definitions for U/pzd.
)
LaTeX Font Info:    Trying to load font information for U+psy on input line 64.


(/usr/local/texlive/2021/texmf-dist/tex/latex/psnfss/upsy.fd
File: upsy.fd 2001/06/04 font definitions for U/psy.
))
(/usr/local/texlive/2021/texmf-dist/tex/latex/enumitem/enumitem.sty
Package: enumitem 2019/06/20 v3.9 Customized lists
\labelindent=\skip67
\enit@outerparindent=\dimen181
\enit@toks=\toks26
\enit@inbox=\box62
\enit@count@id=\count284
\enitdp@description=\count285
)
(/usr/local/texlive/2021/texmf-dist/tex/latex/lm/lmodern.sty
Package: lmodern 2015/05/01 v1.6.1 Latin Modern Fonts
LaTeX Font Info:    Overwriting symbol font `operators' in version `normal'
(Font)                  OT1/ztmcm/m/n --> OT1/lmr/m/n on input line 22.
LaTeX Font Info:    Overwriting symbol font `letters' in version `normal'
(Font)                  OML/ztmcm/m/it --> OML/lmm/m/it on input line 23.
LaTeX Font Info:    Overwriting symbol font `symbols' in version `normal'
(Font)                  OMS/ztmcm/m/n --> OMS/lmsy/m/n on input line 24.
LaTeX Font Info:    Overwriting symbol font `largesymbols' in version `normal'
(Font)                  OMX/ztmcm/m/n --> OMX/lmex/m/n on input line 25.
LaTeX Font Info:    Overwriting symbol font `operators' in version `bold'
(Font)                  OT1/ztmcm/m/n --> OT1/lmr/bx/n on input line 26.
LaTeX Font Info:    Overwriting symbol font `letters' in version `bold'
(Font)                  OML/ztmcm/m/it --> OML/lmm/b/it on input line 27.
LaTeX Font Info:    Overwriting symbol font `symbols' in version `bold'
(Font)                  OMS/ztmcm/m/n --> OMS/lmsy/b/n on input line 28.
LaTeX Font Info:    Overwriting symbol font `largesymbols' in version `bold'
(Font)                  OMX/ztmcm/m/n --> OMX/lmex/m/n on input line 29.
LaTeX Font Info:    Overwriting math alphabet `\mathbf' in version `normal'
(Font)                  OT1/ptm/bx/n --> OT1/lmr/bx/n on input line 31.
LaTeX Font Info:    Overwriting math alphabet `\mathsf' in version `normal'
(Font)                  OT1/cmss/m/n --> OT1/lmss/m/n on input line 32.
LaTeX Font Info:    Overwriting math alphabet `\mathit' in version `normal'
(Font)                  OT1/ptm/m/it --> OT1/lmr/m/it on input line 33.
LaTeX Font Info:    Overwriting math alphabet `\mathtt' in version `normal'
(Font)                  OT1/cmtt/m/n --> OT1/lmtt/m/n on input line 34.
LaTeX Font Info:    Overwriting math alphabet `\mathbf' in version `bold'
(Font)                  OT1/ptm/bx/n --> OT1/lmr/bx/n on input line 35.
LaTeX Font Info:    Overwriting math alphabet `\mathsf' in version `bold'
(Font)                  OT1/cmss/bx/n --> OT1/lmss/bx/n on input line 36.
LaTeX Font Info:    Overwriting math alphabet `\mathit' in version `bold'
(Font)                  OT1/ptm/m/it --> OT1/lmr/bx/it on input line 37.
LaTeX Font Info:    Overwriting math alphabet `\mathtt' in version `bold'
(Font)                  OT1/cmtt/m/n --> OT1/lmtt/m/n on input line 38.
)

Package fancyhdr Warning: \fancyhead's `E' option without twoside option is use
less on input line 43.


Package fancyhdr Warning: \fancyhead's `E' option without twoside option is use
less on input line 44.


Package fancyhdr Warning: \fancyfoot's `E' option without twoside option is use
less on input line 45.


Package fancyhdr Warning: \fancyfoot's `E' option without twoside option is use
less on input line 46.

LaTeX Font Info:    Trying to load font information for T5+lmr on input line 52
.
(/usr/local/texlive/2021/texmf-dist/tex/latex/lm/t5lmr.fd
File: t5lmr.fd 2015/05/01 v1.6.1 Font defs for Latin Modern
)
(/usr/local/texlive/2021/texmf-dist/tex/latex/l3backend/l3backend-pdftex.def
File: l3backend-pdftex.def 2021-03-18 L3 backend support: PDF output (pdfTeX)
\l__color_backend_stack_int=\count286
\l__pdf_internal_box=\box63
)
(./BC_NHOM1.aux)
\openout1 = `BC_NHOM1.aux'.

LaTeX Font Info:    Checking defaults for OML/cmm/m/it on input line 52.
LaTeX Font Info:    ... okay on input line 52.
LaTeX Font Info:    Checking defaults for OMS/cmsy/m/n on input line 52.
LaTeX Font Info:    ... okay on input line 52.
LaTeX Font Info:    Checking defaults for OT1/cmr/m/n on input line 52.
LaTeX Font Info:    ... okay on input line 52.
LaTeX Font Info:    Checking defaults for T1/cmr/m/n on input line 52.
LaTeX Font Info:    ... okay on input line 52.
LaTeX Font Info:    Checking defaults for TS1/cmr/m/n on input line 52.
LaTeX Font Info:    ... okay on input line 52.
LaTeX Font Info:    Checking defaults for OMX/cmex/m/n on input line 52.
LaTeX Font Info:    ... okay on input line 52.
LaTeX Font Info:    Checking defaults for U/cmr/m/n on input line 52.
LaTeX Font Info:    ... okay on input line 52.
LaTeX Font Info:    Checking defaults for T5/cmr/m/n on input line 52.
LaTeX Font Info:    ... okay on input line 52.

*geometry* driver: auto-detecting
*geometry* detected driver: pdftex
*geometry* verbose mode - [ preamble ] result:
* driver: pdftex
* paper: a4paper
* layout: <same size as paper>
* layoutoffset:(h,v)=(0.0pt,0.0pt)
* modes: 
* h-part:(L,W,R)=(57.81621pt, 481.87546pt, 57.81621pt)
* v-part:(T,H,B)=(50.58878pt, 743.8693pt, 50.58878pt)
* \paperwidth=597.50787pt
* \paperheight=845.04684pt
* \textwidth=481.87546pt
* \textheight=743.8693pt
* \oddsidemargin=-14.45378pt
* \evensidemargin=-14.45378pt
* \topmargin=-58.68121pt
* \headheight=12.0pt
* \headsep=25.0pt
* \topskip=12.0pt
* \footskip=30.0pt
* \marginparwidth=35.0pt
* \marginparsep=10.0pt
* \columnsep=10.0pt
* \skip\footins=10.8pt plus 4.0pt minus 2.0pt
* \hoffset=0.0pt
* \voffset=0.0pt
* \mag=1000
* \@twocolumnfalse
* \@twosidefalse
* \@mparswitchfalse
* \@reversemarginfalse
* (1in=72.27pt=25.4mm, 1cm=28.453pt)

(/usr/local/texlive/2021/texmf-dist/tex/context/base/mkii/supp-pdf.mkii
[Loading MPS to PDF converter (version 2006.09.02).]
\scratchcounter=\count287
\scratchdimen=\dimen182
\scratchbox=\box64
\nofMPsegments=\count288
\nofMParguments=\count289
\everyMPshowfont=\toks27
\MPscratchCnt=\count290
\MPscratchDim=\dimen183
\MPnumerator=\count291
\makeMPintoPDFobject=\count292
\everyMPtoPDFconversion=\toks28
) (/usr/local/texlive/2021/texmf-dist/tex/latex/epstopdf-pkg/epstopdf-base.sty
Package: epstopdf-base 2020-01-24 v2.11 Base part for package epstopdf
Package epstopdf-base Info: Redefining graphics rule for `.eps' on input line 4
85.

(/usr/local/texlive/2021/texmf-dist/tex/latex/latexconfig/epstopdf-sys.cfg
File: epstopdf-sys.cfg 2010/07/13 v1.3 Configuration of (r)epstopdf for TeX Liv
e
))
\c@lstlisting=\count293
\big@size=\dimen184
Package caption Info: Begin \AtBeginDocument code.
Package caption Info: End \AtBeginDocument code.
<./imgs/fpt.png, id=1, 192.72pt x 66.9702pt>
File: ./imgs/fpt.png Graphic file (type png)
<use ./imgs/fpt.png>
Package pdftex.def Info: ./imgs/fpt.png  used on input line 59.
(pdftex.def)             Requested size: 192.71951pt x 66.97003pt.
LaTeX Font Info:    Trying to load font information for OT1+lmr on input line 7
7.

(/usr/local/texlive/2021/texmf-dist/tex/latex/lm/ot1lmr.fd
File: ot1lmr.fd 2015/05/01 v1.6.1 Font defs for Latin Modern
)
LaTeX Font Info:    Trying to load font information for OML+lmm on input line 7
7.

(/usr/local/texlive/2021/texmf-dist/tex/latex/lm/omllmm.fd
File: omllmm.fd 2015/05/01 v1.6.1 Font defs for Latin Modern
)
LaTeX Font Info:    Trying to load font information for OMS+lmsy on input line 
77.

(/usr/local/texlive/2021/texmf-dist/tex/latex/lm/omslmsy.fd
File: omslmsy.fd 2015/05/01 v1.6.1 Font defs for Latin Modern
)
LaTeX Font Info:    Trying to load font information for OMX+lmex on input line 
77.

(/usr/local/texlive/2021/texmf-dist/tex/latex/lm/omxlmex.fd
File: omxlmex.fd 2015/05/01 v1.6.1 Font defs for Latin Modern
)
LaTeX Font Info:    External font `lmex10' loaded for size
(Font)              <17.28> on input line 77.
LaTeX Font Info:    External font `lmex10' loaded for size
(Font)              <12> on input line 77.
LaTeX Font Info:    External font `lmex10' loaded for size
(Font)              <10> on input line 77.
LaTeX Font Info:    Trying to load font information for OT1+ptm on input line 7
7.

(/usr/local/texlive/2021/texmf-dist/tex/latex/psnfss/ot1ptm.fd
File: ot1ptm.fd 2001/06/04 font definitions for OT1/ptm.
)
LaTeX Font Info:    Font shape `OT1/ptm/bx/n' in size <17.28> not available
(Font)              Font shape `OT1/ptm/b/n' tried instead on input line 77.
LaTeX Font Info:    Font shape `OT1/ptm/bx/n' in size <12> not available
(Font)              Font shape `OT1/ptm/b/n' tried instead on input line 77.
LaTeX Font Info:    Font shape `OT1/ptm/bx/n' in size <10> not available
(Font)              Font shape `OT1/ptm/b/n' tried instead on input line 77.
 [1

{/usr/local/texlive/2021/texmf-var/fonts/map/pdftex/updmap/pdftex.map} <./imgs/
fpt.png>]
(./BC_NHOM1.toc
LaTeX Font Info:    External font `lmex10' loaded for size
(Font)              <9> on input line 3.
LaTeX Font Info:    External font `lmex10' loaded for size
(Font)              <7> on input line 3.
LaTeX Font Info:    Font shape `OT1/ptm/bx/n' in size <9> not available
(Font)              Font shape `OT1/ptm/b/n' tried instead on input line 3.
LaTeX Font Info:    Font shape `OT1/ptm/bx/n' in size <7> not available
(Font)              Font shape `OT1/ptm/b/n' tried instead on input line 3.
 [1

])
\tf@toc=\write3
\openout3 = `BC_NHOM1.toc'.

 (./segments/part_1_intro.tex

Package fancyhdr Warning: \headheight is too small (12.0pt): 
(fancyhdr)                Make it at least 14.49998pt, for example:
(fancyhdr)                \setlength{\headheight}{14.49998pt}.
(fancyhdr)                You might also make \topmargin smaller to compensate:

(fancyhdr)                \addtolength{\topmargin}{-2.49998pt}.

[2]
Ch\uhorn \ohorn ng 1.
LaTeX Font Info:    Trying to load font information for TS1+lmr on input line 1
2.
(/usr/local/texlive/2021/texmf-dist/tex/latex/lm/ts1lmr.fd
File: ts1lmr.fd 2015/05/01 v1.6.1 Font defs for Latin Modern
)
File: ./imgs/bao.png Graphic file (type png)
<use ./imgs/bao.png>
Package pdftex.def Info: ./imgs/bao.png  used on input line 71.
(pdftex.def)             Requested size: 142.28458pt x 142.2804pt.
File: ./imgs/vien.png Graphic file (type png)
<use ./imgs/vien.png>
Package pdftex.def Info: ./imgs/vien.png  used on input line 71.
(pdftex.def)             Requested size: 142.27567pt x 142.27599pt.
File: ./imgs/khoi.png Graphic file (type png)
<use ./imgs/khoi.png>
Package pdftex.def Info: ./imgs/khoi.png  used on input line 71.
(pdftex.def)             Requested size: 142.28458pt x 142.28162pt.
File: ./imgs/an.png Graphic file (type png)
<use ./imgs/an.png>
Package pdftex.def Info: ./imgs/an.png  used on input line 71.
(pdftex.def)             Requested size: 142.28151pt x 142.2729pt.
 [3

]
Underfull \vbox (badness 10000) detected at line 71
 []


Package fancyhdr Warning: \headheight is too small (12.0pt): 
(fancyhdr)                Make it at least 16.13402pt, for example:
(fancyhdr)                \setlength{\headheight}{16.13402pt}.
(fancyhdr)                You might also make \topmargin smaller to compensate:

(fancyhdr)                \addtolength{\topmargin}{-4.13402pt}.

[4 <./imgs/bao.png> <./imgs/vien.png> <./imgs/khoi.png>])
(./segments/part_2_survey.tex

Package fancyhdr Warning: \headheight is too small (12.0pt): 
(fancyhdr)                Make it at least 16.13402pt, for example:
(fancyhdr)                \setlength{\headheight}{16.13402pt}.
(fancyhdr)                You might also make \topmargin smaller to compensate:

(fancyhdr)                \addtolength{\topmargin}{-4.13402pt}.

[5 <./imgs/an.png>]
Ch\uhorn \ohorn ng 2.
[6

]
Underfull \hbox (badness 10000) in paragraph at lines 96--96
[]\T5/lmr/bx/n/12 Ghi
 []


Overfull \hbox (32.11577pt too wide) in alignment at lines 96--96
 [] [] [] [] [] [] [] 
 []


Underfull \hbox (badness 10000) in paragraph at lines 96--96
[]\T5/lmr/bx/n/12 Ghi
 []


Overfull \hbox (32.11577pt too wide) in alignment at lines 96--96
 [] [] [] [] [] [] [] 
 []


Overfull \hbox (32.11577pt too wide) in alignment at lines 96--96
 [] [] [] [] [] [] [] 
 []


Underfull \hbox (badness 3302) in paragraph at lines 96--96
[]\T5/lmr/m/n/12 X¥y düng b£n
 []


Overfull \hbox (1.84435pt too wide) in paragraph at lines 96--96
[]\T5/lmr/m/n/12 05/05/2021| 
 []


Overfull \hbox (1.84435pt too wide) in paragraph at lines 96--96
[]\T5/lmr/m/n/12 05/05/2021| 
 []


Overfull \hbox (1.84435pt too wide) in paragraph at lines 96--96
[]\T5/lmr/m/n/12 05/05/2021| 
 []


Overfull \hbox (1.84435pt too wide) in paragraph at lines 96--96
[]\T5/lmr/m/n/12 05/05/2021| 
 []


Underfull \hbox (badness 1596) in paragraph at lines 96--96
[]\T5/lmr/m/n/12 V³ sì ^^_ç têng
 []


Overfull \hbox (1.84435pt too wide) in paragraph at lines 96--96
[]\T5/lmr/m/n/12 05/05/2021| 
 []


Overfull \hbox (1.84435pt too wide) in paragraph at lines 96--96
[]\T5/lmr/m/n/12 05/05/2021| 
 []


Underfull \hbox (badness 4595) in paragraph at lines 96--96
[]\T5/lmr/m/n/12 Ph¡t th£o mæ
 []


Overfull \hbox (1.84435pt too wide) in paragraph at lines 96--96
[]\T5/lmr/m/n/12 05/05/2021| 
 []


Overfull \hbox (1.84435pt too wide) in paragraph at lines 96--96
[]\T5/lmr/m/n/12 05/05/2021| 
 []


Overfull \hbox (1.84435pt too wide) in paragraph at lines 96--96
[]\T5/lmr/m/n/12 05/05/2021| 
 []


Overfull \hbox (1.84435pt too wide) in paragraph at lines 96--96
[]\T5/lmr/m/n/12 05/05/2021| 
 []


Underfull \hbox (badness 1721) in paragraph at lines 96--96
[]\T5/lmr/m/n/12 Ph¡i th£o giao
 []


Underfull \hbox (badness 7451) in paragraph at lines 96--96
\T5/lmr/m/n/12 di»n c¡c chùc
 []


Overfull \hbox (1.84435pt too wide) in paragraph at lines 96--96
[]\T5/lmr/m/n/12 05/05/2021| 
 []


Overfull \hbox (1.84435pt too wide) in paragraph at lines 96--96
[]\T5/lmr/m/n/12 05/05/2021| 
 []


Overfull \hbox (1.84435pt too wide) in paragraph at lines 96--96
[]\T5/lmr/m/n/12 05/05/2021| 
 []


Overfull \hbox (1.84435pt too wide) in paragraph at lines 96--96
[]\T5/lmr/m/n/12 05/05/2021| 
 []


Overfull \hbox (1.84435pt too wide) in paragraph at lines 96--96
[]\T5/lmr/m/n/12 05/05/2021| 
 []


Overfull \hbox (1.84435pt too wide) in paragraph at lines 96--96
[]\T5/lmr/m/n/12 05/05/2021| 
 []


Overfull \hbox (1.84435pt too wide) in paragraph at lines 96--96
[]\T5/lmr/m/n/12 05/05/2021| 
 []


Overfull \hbox (1.84435pt too wide) in paragraph at lines 96--96
[]\T5/lmr/m/n/12 05/05/2021| 
 []


Underfull \hbox (badness 10000) in paragraph at lines 96--96
[]\T5/lmr/m/n/12 Thi¸t k¸ giao
 []


Overfull \hbox (1.84435pt too wide) in paragraph at lines 96--96
[]\T5/lmr/m/n/12 05/05/2021| 
 []


Overfull \hbox (1.84435pt too wide) in paragraph at lines 96--96
[]\T5/lmr/m/n/12 05/05/2021| 
 []


Underfull \hbox (badness 5817) in paragraph at lines 96--96
[]\T5/lmr/m/n/12 X¥y düng c¡c
 []


Overfull \hbox (1.84435pt too wide) in paragraph at lines 96--96
[]\T5/lmr/m/n/12 05/05/2021| 
 []


Overfull \hbox (1.84435pt too wide) in paragraph at lines 96--96
[]\T5/lmr/m/n/12 05/05/2021| 
 []


Underfull \hbox (badness 5036) in paragraph at lines 96--96
[]\T5/lmr/m/n/12 Vi¸t c¡c store
 []


Overfull \hbox (1.84435pt too wide) in paragraph at lines 96--96
[]\T5/lmr/m/n/12 05/05/2021| 
 []


Overfull \hbox (1.84435pt too wide) in paragraph at lines 96--96
[]\T5/lmr/m/n/12 05/05/2021| 
 []


Underfull \hbox (badness 6808) in paragraph at lines 96--96
[]\T5/lmr/m/n/12 Lªp tr¼nh c¡c
 []


Underfull \hbox (badness 10000) in paragraph at lines 96--96
\T5/lmr/m/n/12 chùc n«ng
 []


Overfull \hbox (1.84435pt too wide) in paragraph at lines 96--96
[]\T5/lmr/m/n/12 05/05/2021| 
 []


Overfull \hbox (1.84435pt too wide) in paragraph at lines 96--96
[]\T5/lmr/m/n/12 05/05/2021| 
 []


Underfull \hbox (badness 5817) in paragraph at lines 96--96
[]\T5/lmr/m/n/12 X¥y düng c¡c
 []


Underfull \hbox (badness 3049) in paragraph at lines 96--96
\T5/lmr/m/n/12 chùc n«ng cho
 []


Underfull \hbox (badness 6927) in paragraph at lines 96--96
\T5/lmr/m/n/12 live stream +
 []


Overfull \hbox (1.84435pt too wide) in paragraph at lines 96--96
[]\T5/lmr/m/n/12 05/05/2021| 
 []


Overfull \hbox (1.84435pt too wide) in paragraph at lines 96--96
[]\T5/lmr/m/n/12 05/05/2021| 
 []


Overfull \hbox (1.84435pt too wide) in paragraph at lines 96--96
[]\T5/lmr/m/n/12 05/05/2021| 
 []


Overfull \hbox (1.84435pt too wide) in paragraph at lines 96--96
[]\T5/lmr/m/n/12 05/05/2021| 
 []


Underfull \hbox (badness 1990) in paragraph at lines 96--96
[]\T5/lmr/m/n/12 X¥y düng kàch
 []


Overfull \hbox (1.84435pt too wide) in paragraph at lines 96--96
[]\T5/lmr/m/n/12 05/05/2021| 
 []


Overfull \hbox (1.84435pt too wide) in paragraph at lines 96--96
[]\T5/lmr/m/n/12 05/05/2021| 
 []


Overfull \hbox (1.84435pt too wide) in paragraph at lines 96--96
[]\T5/lmr/m/n/12 05/05/2021| 
 []


Overfull \hbox (1.84435pt too wide) in paragraph at lines 96--96
[]\T5/lmr/m/n/12 05/05/2021| 
 []


Underfull \hbox (badness 10000) in paragraph at lines 96--96
[]\T5/lmr/m/n/12 ^^^âng gâi s£n
 []


Overfull \hbox (1.84435pt too wide) in paragraph at lines 96--96
[]\T5/lmr/m/n/12 05/05/2021| 
 []


Overfull \hbox (1.84435pt too wide) in paragraph at lines 96--96
[]\T5/lmr/m/n/12 05/05/2021| 
 []


Underfull \hbox (badness 10000) in paragraph at lines 96--96
[]\T5/lmr/m/n/12 Vi¸t t i li»u
 []


Underfull \hbox (badness 6944) in paragraph at lines 96--96
\T5/lmr/m/n/12 h÷îng d¨n sû
 []


Overfull \hbox (1.84435pt too wide) in paragraph at lines 96--96
[]\T5/lmr/m/n/12 05/05/2021| 
 []


Overfull \hbox (1.84435pt too wide) in paragraph at lines 96--96
[]\T5/lmr/m/n/12 05/05/2021| 
 []


Overfull \hbox (32.11577pt too wide) in alignment at lines 96--96
 [] [] [] [] [] [] [] 
 []


Package fancyhdr Warning: \headheight is too small (12.0pt): 
(fancyhdr)                Make it at least 17.10004pt, for example:
(fancyhdr)                \setlength{\headheight}{17.10004pt}.
(fancyhdr)                You might also make \topmargin smaller to compensate:

(fancyhdr)                \addtolength{\topmargin}{-5.10004pt}.

[7]) (./segments/part_3_analysis.tex

Package fancyhdr Warning: \headheight is too small (12.0pt): 
(fancyhdr)                Make it at least 17.10004pt, for example:
(fancyhdr)                \setlength{\headheight}{17.10004pt}.
(fancyhdr)                You might also make \topmargin smaller to compensate:

(fancyhdr)                \addtolength{\topmargin}{-5.10004pt}.

[8]
Ch\uhorn \ohorn ng 3.
<./imgs/implement_tech_diagram.png, id=46, 616.3025pt x 188.705pt>
File: ./imgs/implement_tech_diagram.png Graphic file (type png)
<use ./imgs/implement_tech_diagram.png>
Package pdftex.def Info: ./imgs/implement_tech_diagram.png  used on input line 
7.
(pdftex.def)             Requested size: 483.69684pt x 148.10495pt.

Overfull \hbox (1.82138pt too wide) in paragraph at lines 7--8
[][] 
 []

[9

 <./imgs/implement_tech_diagram.png>]
<./imgs/usecase_model.png, id=51, 753.81625pt x 312.16624pt>
File: ./imgs/usecase_model.png Graphic file (type png)
<use ./imgs/usecase_model.png>
Package pdftex.def Info: ./imgs/usecase_model.png  used on input line 36.
(pdftex.def)             Requested size: 483.69684pt x 200.3049pt.

Overfull \hbox (1.82138pt too wide) in paragraph at lines 36--37
 [] 
 []

<./imgs/usecase_viewer.png, id=52, 613.29124pt x 442.65375pt>
File: ./imgs/usecase_viewer.png Graphic file (type png)
<use ./imgs/usecase_viewer.png>
Package pdftex.def Info: ./imgs/usecase_viewer.png  used on input line 41.
(pdftex.def)             Requested size: 483.69684pt x 349.1185pt.

Overfull \hbox (1.82138pt too wide) in paragraph at lines 41--42
 [] 
 []

<./imgs/usecase_streamer.png, id=53, 574.145pt x 536.0025pt>
File: ./imgs/usecase_streamer.png Graphic file (type png)
<use ./imgs/usecase_streamer.png>
Package pdftex.def Info: ./imgs/usecase_streamer.png  used on input line 46.
(pdftex.def)             Requested size: 483.69684pt x 451.57216pt.

Overfull \hbox (1.82138pt too wide) in paragraph at lines 46--47
 [] 
 []


Package fancyhdr Warning: \headheight is too small (12.0pt): 
(fancyhdr)                Make it at least 15.07204pt, for example:
(fancyhdr)                \setlength{\headheight}{15.07204pt}.
(fancyhdr)                You might also make \topmargin smaller to compensate:

(fancyhdr)                \addtolength{\topmargin}{-3.07204pt}.

[10 <./imgs/usecase_model.png> <./imgs/usecase_viewer.png>]
Underfull \hbox (badness 1629) in paragraph at lines 75--75
[]\T5/lmr/m/n/12 Ng÷íi dòng ^^_«ng kþ t i
 []


Underfull \hbox (badness 1067) in paragraph at lines 75--75
\T5/lmr/m/n/12 qua c¡c ùng döng thanh
 []


Package fancyhdr Warning: \headheight is too small (12.0pt): 
(fancyhdr)                Make it at least 17.10004pt, for example:
(fancyhdr)                \setlength{\headheight}{17.10004pt}.
(fancyhdr)                You might also make \topmargin smaller to compensate:

(fancyhdr)                \addtolength{\topmargin}{-5.10004pt}.

[11 <./imgs/usecase_streamer.png>]
Underfull \hbox (badness 6332) in paragraph at lines 94--94
[]\T5/lmr/m/n/12 Câ thº sû döng nhi·u
 []


Underfull \hbox (badness 4242) in paragraph at lines 94--94
\T5/lmr/m/n/12 h» cì sð dú li»u kh¡c
 []

) (./segments/part_4_design.tex

Package fancyhdr Warning: \headheight is too small (12.0pt): 
(fancyhdr)                Make it at least 17.10004pt, for example:
(fancyhdr)                \setlength{\headheight}{17.10004pt}.
(fancyhdr)                You might also make \topmargin smaller to compensate:

(fancyhdr)                \addtolength{\topmargin}{-5.10004pt}.

[12]
Ch\uhorn \ohorn ng 4.
<./imgs/WebSocket_structure.png, id=67, 686.565pt x 360.34625pt>
File: ./imgs/WebSocket_structure.png Graphic file (type png)
<use ./imgs/WebSocket_structure.png>
Package pdftex.def Info: ./imgs/WebSocket_structure.png  used on input line 10.

(pdftex.def)             Requested size: 483.69684pt x 253.86818pt.

Overfull \hbox (1.82138pt too wide) in paragraph at lines 10--11
[][] 
 []

<./imgs/TCP_OSI.png, id=68, 661.47125pt x 385.44pt>
File: ./imgs/TCP_OSI.png Graphic file (type png)
<use ./imgs/TCP_OSI.png>
Package pdftex.def Info: ./imgs/TCP_OSI.png  used on input line 17.
(pdftex.def)             Requested size: 483.69684pt x 281.84525pt.

Overfull \hbox (1.82138pt too wide) in paragraph at lines 17--18
[][] 
 []

[13

 <./imgs/WebSocket_structure.png>]
<./imgs/TCP_UDP_flow.png, id=73, 346.29375pt x 266.9975pt>
File: ./imgs/TCP_UDP_flow.png Graphic file (type png)
<use ./imgs/TCP_UDP_flow.png>
Package pdftex.def Info: ./imgs/TCP_UDP_flow.png  used on input line 32.
(pdftex.def)             Requested size: 483.69684pt x 372.94652pt.

Overfull \hbox (1.82138pt too wide) in paragraph at lines 32--33
[][] 
 []


Package fancyhdr Warning: \headheight is too small (12.0pt): 
(fancyhdr)                Make it at least 17.10004pt, for example:
(fancyhdr)                \setlength{\headheight}{17.10004pt}.
(fancyhdr)                You might also make \topmargin smaller to compensate:

(fancyhdr)                \addtolength{\topmargin}{-5.10004pt}.

[14 <./imgs/TCP_OSI.png>]

Package fancyhdr Warning: \headheight is too small (12.0pt): 
(fancyhdr)                Make it at least 17.10004pt, for example:
(fancyhdr)                \setlength{\headheight}{17.10004pt}.
(fancyhdr)                You might also make \topmargin smaller to compensate:

(fancyhdr)                \addtolength{\topmargin}{-5.10004pt}.

[15 <./imgs/TCP_UDP_flow.png>]
<./imgs/implement_diagram.png, id=82, 1405.25pt x 523.9575pt>
File: ./imgs/implement_diagram.png Graphic file (type png)
<use ./imgs/implement_diagram.png>
Package pdftex.def Info: ./imgs/implement_diagram.png  used on input line 63.
(pdftex.def)             Requested size: 483.69684pt x 180.3498pt.

Overfull \hbox (1.82138pt too wide) in paragraph at lines 63--64
[][] 
 []

<./imgs/technoligy_diagram.png, id=83, 453.3738pt x 123.3408pt>
File: ./imgs/technoligy_diagram.png Graphic file (type png)
<use ./imgs/technoligy_diagram.png>
Package pdftex.def Info: ./imgs/technoligy_diagram.png  used on input line 70.
(pdftex.def)             Requested size: 483.69684pt x 131.59692pt.

Overfull \hbox (1.82138pt too wide) in paragraph at lines 70--71
[][] 
 []


Underfull \hbox (badness 3724) in paragraph at lines 89--89
[]\T5/lmr/m/n/12 Ph½a giao di»n s³ ^^_÷ñc
 []


Underfull \hbox (badness 5970) in paragraph at lines 89--89
\T5/lmr/m/n/12 vi¸t b¬ng HTML, CSS,
 []


Underfull \hbox (badness 10000) in paragraph at lines 89--89
\T5/lmr/m/n/12 Javascript & th÷ vi»n
 []


Underfull \hbox (badness 10000) in paragraph at lines 89--89
\T5/lmr/m/n/12 triºn b¬ng NodeJS &
 []


Underfull \hbox (badness 3679) in paragraph at lines 89--89
[]\T5/lmr/m/n/12 Ti¸p nhªn c¡c y¶u c¦u
 []


Package fancyhdr Warning: \headheight is too small (12.0pt): 
(fancyhdr)                Make it at least 17.10004pt, for example:
(fancyhdr)                \setlength{\headheight}{17.10004pt}.
(fancyhdr)                You might also make \topmargin smaller to compensate:

(fancyhdr)                \addtolength{\topmargin}{-5.10004pt}.

[16 <./imgs/implement_diagram.png (PNG copy)> <./imgs/technoligy_diagram.png>]
<./imgs/sitemap.png, id=88, 453.3738pt x 254.8722pt>
File: ./imgs/sitemap.png Graphic file (type png)
<use ./imgs/sitemap.png>
Package pdftex.def Info: ./imgs/sitemap.png  used on input line 97.
(pdftex.def)             Requested size: 453.37268pt x 254.87157pt.

Overfull \hbox (4.40268pt too wide) in paragraph at lines 120--120
[][]| 
 []


Package fancyhdr Warning: \headheight is too small (12.0pt): 
(fancyhdr)                Make it at least 17.10004pt, for example:
(fancyhdr)                \setlength{\headheight}{17.10004pt}.
(fancyhdr)                You might also make \topmargin smaller to compensate:

(fancyhdr)                \addtolength{\topmargin}{-5.10004pt}.

[17 <./imgs/sitemap.png>]
<./imgs/landing_page.png, id=93, 783.92876pt x 485.815pt>
File: ./imgs/landing_page.png Graphic file (type png)
<use ./imgs/landing_page.png>
Package pdftex.def Info: ./imgs/landing_page.png  used on input line 126.
(pdftex.def)             Requested size: 483.69684pt x 299.75667pt.

Overfull \hbox (1.82138pt too wide) in paragraph at lines 126--127
[][] 
 []


Overfull \vbox (21.04814pt too high) has occurred while \output is active []



Package fancyhdr Warning: \headheight is too small (12.0pt): 
(fancyhdr)                Make it at least 17.10004pt, for example:
(fancyhdr)                \setlength{\headheight}{17.10004pt}.
(fancyhdr)                You might also make \topmargin smaller to compensate:

(fancyhdr)                \addtolength{\topmargin}{-5.10004pt}.

[18 <./imgs/landing_page.png>]
<./imgs/streamer_page.png, id=99, 793.96625pt x 513.92pt>
File: ./imgs/streamer_page.png Graphic file (type png)
<use ./imgs/streamer_page.png>
Package pdftex.def Info: ./imgs/streamer_page.png  used on input line 149.
(pdftex.def)             Requested size: 483.69684pt x 313.09865pt.

Overfull \hbox (1.82138pt too wide) in paragraph at lines 149--150
[][] 
 []


Underfull \hbox (badness 10000) in paragraph at lines 172--172
[]\T5/lmr/m/n/12 Media player
 []


Package fancyhdr Warning: \headheight is too small (12.0pt): 
(fancyhdr)                Make it at least 17.10004pt, for example:
(fancyhdr)                \setlength{\headheight}{17.10004pt}.
(fancyhdr)                You might also make \topmargin smaller to compensate:

(fancyhdr)                \addtolength{\topmargin}{-5.10004pt}.

[19 <./imgs/streamer_page.png>]
<./imgs/viewer_page.png, id=104, 752.8125pt x 491.8375pt>
File: ./imgs/viewer_page.png Graphic file (type png)
<use ./imgs/viewer_page.png>
Package pdftex.def Info: ./imgs/viewer_page.png  used on input line 178.
(pdftex.def)             Requested size: 483.69684pt x 316.02072pt.

Overfull \hbox (1.82138pt too wide) in paragraph at lines 178--179
[][] 
 []

<./imgs/purchase_page.png, id=105, 781.92125pt x 518.93875pt>
File: ./imgs/purchase_page.png Graphic file (type png)
<use ./imgs/purchase_page.png>
Package pdftex.def Info: ./imgs/purchase_page.png  used on input line 206.
(pdftex.def)             Requested size: 483.70044pt x 426.8153pt.

Overfull \hbox (1.82498pt too wide) in paragraph at lines 206--207
[][] 
 []


Package fancyhdr Warning: \headheight is too small (12.0pt): 
(fancyhdr)                Make it at least 17.10004pt, for example:
(fancyhdr)                \setlength{\headheight}{17.10004pt}.
(fancyhdr)                You might also make \topmargin smaller to compensate:

(fancyhdr)                \addtolength{\topmargin}{-5.10004pt}.

[20 <./imgs/viewer_page.png>]
<./imgs/donate_page.png, id=110, 749.80125pt x 493.845pt>
File: ./imgs/donate_page.png Graphic file (type png)
<use ./imgs/donate_page.png>
Package pdftex.def Info: ./imgs/donate_page.png  used on input line 228.
(pdftex.def)             Requested size: 483.69684pt x 318.58409pt.

Overfull \hbox (1.82138pt too wide) in paragraph at lines 228--229
[][] 
 []


Package fancyhdr Warning: \headheight is too small (12.0pt): 
(fancyhdr)                Make it at least 17.10004pt, for example:
(fancyhdr)                \setlength{\headheight}{17.10004pt}.
(fancyhdr)                You might also make \topmargin smaller to compensate:

(fancyhdr)                \addtolength{\topmargin}{-5.10004pt}.

[21 <./imgs/purchase_page.png>]
Underfull \hbox (badness 10000) in paragraph at lines 246--246
[]\T5/lmr/m/n/12 Tin nh­n gûi tîi
 []

<./imgs/profile_page.png, id=115, 811.03pt x 523.9575pt>
File: ./imgs/profile_page.png Graphic file (type png)
<use ./imgs/profile_page.png>
Package pdftex.def Info: ./imgs/profile_page.png  used on input line 252.
(pdftex.def)             Requested size: 483.69684pt x 312.49011pt.

Overfull \hbox (1.82138pt too wide) in paragraph at lines 252--253
[][] 
 []


Package fancyhdr Warning: \headheight is too small (12.0pt): 
(fancyhdr)                Make it at least 17.10004pt, for example:
(fancyhdr)                \setlength{\headheight}{17.10004pt}.
(fancyhdr)                You might also make \topmargin smaller to compensate:

(fancyhdr)                \addtolength{\topmargin}{-5.10004pt}.

[22 <./imgs/donate_page.png>]
<./imgs/login_page.png, id=120, 742.775pt x 459.7175pt>
File: ./imgs/login_page.png Graphic file (type png)
<use ./imgs/login_page.png>
Package pdftex.def Info: ./imgs/login_page.png  used on input line 274.
(pdftex.def)             Requested size: 483.69684pt x 299.37401pt.

Overfull \hbox (1.82138pt too wide) in paragraph at lines 274--275
[][] 
 []


Package fancyhdr Warning: \headheight is too small (12.0pt): 
(fancyhdr)                Make it at least 17.10004pt, for example:
(fancyhdr)                \setlength{\headheight}{17.10004pt}.
(fancyhdr)                You might also make \topmargin smaller to compensate:

(fancyhdr)                \addtolength{\topmargin}{-5.10004pt}.

[23 <./imgs/profile_page.png>]
<./imgs/register_page.png, id=125, 808.01875pt x 499.8675pt>
File: ./imgs/register_page.png Graphic file (type png)
<use ./imgs/register_page.png>
Package pdftex.def Info: ./imgs/register_page.png  used on input line 280.
(pdftex.def)             Requested size: 483.69684pt x 299.23634pt.

Overfull \hbox (1.82138pt too wide) in paragraph at lines 280--281
[][] 
 []


Package fancyhdr Warning: \headheight is too small (12.0pt): 
(fancyhdr)                Make it at least 17.10004pt, for example:
(fancyhdr)                \setlength{\headheight}{17.10004pt}.
(fancyhdr)                You might also make \topmargin smaller to compensate:

(fancyhdr)                \addtolength{\topmargin}{-5.10004pt}.

[24 <./imgs/login_page.png> <./imgs/register_page.png>]
<./imgs/analytics.png, id=132, 897.3525pt x 611.28375pt>
File: ./imgs/analytics.png Graphic file (type png)
<use ./imgs/analytics.png>
Package pdftex.def Info: ./imgs/analytics.png  used on input line 306.
(pdftex.def)             Requested size: 483.69684pt x 329.49135pt.

Overfull \hbox (1.82138pt too wide) in paragraph at lines 306--307
[][] 
 []


Underfull \hbox (badness 1859) in paragraph at lines 324--324
[]\T5/lmr/m/n/12 Thèng k¶ giao dàch
 []


Underfull \hbox (badness 1331) in paragraph at lines 324--324
[]\T5/lmr/m/n/12 Thèng k¶ thæng tin
 []

<./imgs/history_donate.png, id=133, 673.76718pt x 438.13687pt>
File: ./imgs/history_donate.png Graphic file (type png)
<use ./imgs/history_donate.png>
Package pdftex.def Info: ./imgs/history_donate.png  used on input line 330.
(pdftex.def)             Requested size: 483.69684pt x 314.54239pt.

Overfull \hbox (1.82138pt too wide) in paragraph at lines 330--331
[][] 
 []


Package fancyhdr Warning: \headheight is too small (12.0pt): 
(fancyhdr)                Make it at least 17.10004pt, for example:
(fancyhdr)                \setlength{\headheight}{17.10004pt}.
(fancyhdr)                You might also make \topmargin smaller to compensate:

(fancyhdr)                \addtolength{\topmargin}{-5.10004pt}.

[25 <./imgs/analytics.png (PNG copy)>]
<./imgs/history_token.png, id=137, 671.50874pt x 438.13687pt>
File: ./imgs/history_token.png Graphic file (type png)
<use ./imgs/history_token.png>
Package pdftex.def Info: ./imgs/history_token.png  used on input line 349.
(pdftex.def)             Requested size: 483.69684pt x 315.5987pt.

Overfull \hbox (1.82138pt too wide) in paragraph at lines 349--350
[][] 
 []


Package fancyhdr Warning: \headheight is too small (12.0pt): 
(fancyhdr)                Make it at least 17.10004pt, for example:
(fancyhdr)                \setlength{\headheight}{17.10004pt}.
(fancyhdr)                You might also make \topmargin smaller to compensate:

(fancyhdr)                \addtolength{\topmargin}{-5.10004pt}.

[26 <./imgs/history_donate.png>]
<./imgs/page_video.png, id=141, 898.35625pt x 557.08125pt>
File: ./imgs/page_video.png Graphic file (type png)
<use ./imgs/page_video.png>
Package pdftex.def Info: ./imgs/page_video.png  used on input line 368.
(pdftex.def)             Requested size: 483.69684pt x 299.94386pt.

Overfull \hbox (1.82138pt too wide) in paragraph at lines 368--369
[][] 
 []


Package fancyhdr Warning: \headheight is too small (12.0pt): 
(fancyhdr)                Make it at least 17.10004pt, for example:
(fancyhdr)                \setlength{\headheight}{17.10004pt}.
(fancyhdr)                You might also make \topmargin smaller to compensate:

(fancyhdr)                \addtolength{\topmargin}{-5.10004pt}.

[27 <./imgs/history_token.png>]
Underfull \hbox (badness 1975) in paragraph at lines 384--384
[]\T5/lmr/m/n/12 Thay ^^_êi thæng tin
 []

<./imgs/page_user.png, id=145, 897.3525pt x 584.1825pt>
File: ./imgs/page_user.png Graphic file (type png)
<use ./imgs/page_user.png>
Package pdftex.def Info: ./imgs/page_user.png  used on input line 389.
(pdftex.def)             Requested size: 483.69684pt x 314.88335pt.

Overfull \hbox (1.82138pt too wide) in paragraph at lines 389--390
[][] 
 []


Package fancyhdr Warning: \headheight is too small (12.0pt): 
(fancyhdr)                Make it at least 17.10004pt, for example:
(fancyhdr)                \setlength{\headheight}{17.10004pt}.
(fancyhdr)                You might also make \topmargin smaller to compensate:

(fancyhdr)                \addtolength{\topmargin}{-5.10004pt}.

[28 <./imgs/page_video.png (PNG copy)>]
<./imgs/erd_overview.png, id=149, 753.81625pt x 492.84125pt>
File: ./imgs/erd_overview.png Graphic file (type png)
<use ./imgs/erd_overview.png>
Package pdftex.def Info: ./imgs/erd_overview.png  used on input line 413.
(pdftex.def)             Requested size: 483.69684pt x 316.237pt.

Overfull \hbox (1.82138pt too wide) in paragraph at lines 413--414
 [] 
 []


Package fancyhdr Warning: \headheight is too small (12.0pt): 
(fancyhdr)                Make it at least 17.10004pt, for example:
(fancyhdr)                \setlength{\headheight}{17.10004pt}.
(fancyhdr)                You might also make \topmargin smaller to compensate:

(fancyhdr)                \addtolength{\topmargin}{-5.10004pt}.

[29 <./imgs/page_user.png (PNG copy)>]
<./imgs/erd.png, id=153, 1089.06876pt x 803.0pt>
File: ./imgs/erd.png Graphic file (type png)
<use ./imgs/erd.png>
Package pdftex.def Info: ./imgs/erd.png  used on input line 418.
(pdftex.def)             Requested size: 483.69684pt x 356.6416pt.

Overfull \hbox (1.82138pt too wide) in paragraph at lines 418--419
 [] 
 []


Package fancyhdr Warning: \headheight is too small (12.0pt): 
(fancyhdr)                Make it at least 17.10004pt, for example:
(fancyhdr)                \setlength{\headheight}{17.10004pt}.
(fancyhdr)                You might also make \topmargin smaller to compensate:

(fancyhdr)                \addtolength{\topmargin}{-5.10004pt}.

[30 <./imgs/erd_overview.png>]
Underfull \hbox (badness 10000) in paragraph at lines 466--466
[]\T5/lmr/m/n/12 last_changed
 []


Package fancyhdr Warning: \headheight is too small (12.0pt): 
(fancyhdr)                Make it at least 17.10004pt, for example:
(fancyhdr)                \setlength{\headheight}{17.10004pt}.
(fancyhdr)                You might also make \topmargin smaller to compensate:

(fancyhdr)                \addtolength{\topmargin}{-5.10004pt}.

[31 <./imgs/erd.png>]
Overfull \vbox (14.10506pt too high) has occurred while \output is active []



Package fancyhdr Warning: \headheight is too small (12.0pt): 
(fancyhdr)                Make it at least 17.10004pt, for example:
(fancyhdr)                \setlength{\headheight}{17.10004pt}.
(fancyhdr)                You might also make \topmargin smaller to compensate:

(fancyhdr)                \addtolength{\topmargin}{-5.10004pt}.

[32]
Underfull \hbox (badness 10000) in paragraph at lines 622--622
[]\T5/lmr/m/n/12 ^^^ìn và ti·n t»
 []


Package fancyhdr Warning: \headheight is too small (12.0pt): 
(fancyhdr)                Make it at least 17.10004pt, for example:
(fancyhdr)                \setlength{\headheight}{17.10004pt}.
(fancyhdr)                You might also make \topmargin smaller to compensate:

(fancyhdr)                \addtolength{\topmargin}{-5.10004pt}.

[33]
<./imgs/diagrams/user_procedure.png, id=168, 279.9258pt x 109.3686pt>
File: ./imgs/diagrams/user_procedure.png Graphic file (type png)
<use ./imgs/diagrams/user_procedure.png>
Package pdftex.def Info: ./imgs/diagrams/user_procedure.png  used on input line
 692.
(pdftex.def)             Requested size: 483.69684pt x 188.99477pt.

Overfull \hbox (1.82138pt too wide) in paragraph at lines 692--693
 [] 
 []


Package fancyhdr Warning: \headheight is too small (12.0pt): 
(fancyhdr)                Make it at least 17.10004pt, for example:
(fancyhdr)                \setlength{\headheight}{17.10004pt}.
(fancyhdr)                You might also make \topmargin smaller to compensate:

(fancyhdr)                \addtolength{\topmargin}{-5.10004pt}.

[34]
Overfull \hbox (23.36859pt too wide) in alignment at lines 710--710
 [] [] [] [] 
 []


Overfull \hbox (23.36859pt too wide) in alignment at lines 710--710
 [] [] [] [] 
 []


Underfull \hbox (badness 1389) in paragraph at lines 710--710
[]\T5/lmr/m/n/12 isSubscribed: 1 ^^U 0,
 []


Underfull \hbox (badness 10000) in paragraph at lines 710--710
[]\T5/lmr/m/n/12 Nickname: t¶n
 []


Underfull \hbox (badness 10000) in paragraph at lines 710--710
\T5/lmr/m/n/12 nickname, HostId:
 []


Overfull \hbox (6.50963pt too wide) in paragraph at lines 710--710
[]\T5/lmr/m/n/12 UpdateProfileInfo| 
 []


Underfull \hbox (badness 10000) in paragraph at lines 710--710
\T5/lmr/m/n/12 Fullname: t¶n ^^_¦y
 []


Underfull \hbox (badness 10000) in paragraph at lines 710--710
\T5/lmr/m/n/12 ^^_õ, Nickname: t¶n
 []


Overfull \hbox (23.36859pt too wide) in alignment at lines 710--710
 [] [] [] [] 
 []

<./imgs/diagrams/stream_procedure.png, id=172, 340.1508pt x 225.4824pt>
File: ./imgs/diagrams/stream_procedure.png Graphic file (type png)
<use ./imgs/diagrams/stream_procedure.png>
Package pdftex.def Info: ./imgs/diagrams/stream_procedure.png  used on input li
ne 714.
(pdftex.def)             Requested size: 483.69684pt x 320.6586pt.

Overfull \hbox (1.82138pt too wide) in paragraph at lines 714--715
 [] 
 []


Package fancyhdr Warning: \headheight is too small (12.0pt): 
(fancyhdr)                Make it at least 17.10004pt, for example:
(fancyhdr)                \setlength{\headheight}{17.10004pt}.
(fancyhdr)                You might also make \topmargin smaller to compensate:

(fancyhdr)                \addtolength{\topmargin}{-5.10004pt}.

[35 <./imgs/diagrams/user_procedure.png>]
Overfull \hbox (23.36859pt too wide) in alignment at lines 745--745
 [] [] [] [] 
 []


Overfull \hbox (23.36859pt too wide) in alignment at lines 745--745
 [] [] [] [] 
 []


Underfull \hbox (badness 10000) in paragraph at lines 745--745
[]\T5/lmr/m/n/12 Danh s¡ch pháng
 []


Underfull \hbox (badness 5036) in paragraph at lines 745--745
[]\T5/lmr/m/n/12 UserId: m¢ id cõa
 []


Underfull \hbox (badness 4181) in paragraph at lines 745--745
\T5/lmr/m/n/12 user, Title: chõ ^^_·
 []


Underfull \hbox (badness 2310) in paragraph at lines 745--745
[]\T5/lmr/m/n/12 RoomId: m¢ pháng,
 []


Underfull \hbox (badness 7099) in paragraph at lines 745--745
\T5/lmr/m/n/12 StreamerId: m¢ t i
 []


Underfull \hbox (badness 5431) in paragraph at lines 745--745
\T5/lmr/m/n/12 kho£n, Status: t¼nh
 []


Underfull \hbox (badness 7099) in paragraph at lines 745--745
[]\T5/lmr/m/n/12 StreamerId: m¢ t i
 []


Underfull \hbox (badness 10000) in paragraph at lines 745--745
[]\T5/lmr/m/n/12 SaveRecord
 []


Underfull \hbox (badness 2856) in paragraph at lines 745--745
\T5/lmr/m/n/12 fileName: file video,
 []


Overfull \hbox (23.36859pt too wide) in alignment at lines 745--745
 [] [] [] [] 
 []


Package fancyhdr Warning: \headheight is too small (12.0pt): 
(fancyhdr)                Make it at least 17.10004pt, for example:
(fancyhdr)                \setlength{\headheight}{17.10004pt}.
(fancyhdr)                You might also make \topmargin smaller to compensate:

(fancyhdr)                \addtolength{\topmargin}{-5.10004pt}.

[36 <./imgs/diagrams/stream_procedure.png>]
<./imgs/diagrams/payment_procedure.png, id=182, 331.9602pt x 79.0152pt>
File: ./imgs/diagrams/payment_procedure.png Graphic file (type png)
<use ./imgs/diagrams/payment_procedure.png>
Package pdftex.def Info: ./imgs/diagrams/payment_procedure.png  used on input l
ine 750.
(pdftex.def)             Requested size: 483.69684pt x 115.13937pt.

Overfull \hbox (1.82138pt too wide) in paragraph at lines 750--751
 [] 
 []


Overfull \hbox (23.36859pt too wide) in alignment at lines 768--768
 [] [] [] [] 
 []


Overfull \hbox (23.36859pt too wide) in alignment at lines 768--768
 [] [] [] [] 
 []


Underfull \hbox (badness 1014) in paragraph at lines 768--768
[]\T5/lmr/m/n/12 Danh s¡ch lüa chån
 []


Underfull \hbox (badness 7133) in paragraph at lines 768--768
[]\T5/lmr/m/n/12 Id: m¢ t i kho£n,
 []


Underfull \hbox (badness 10000) in paragraph at lines 768--768
\T5/lmr/m/n/12 Amount: sè ti·n,
 []


Underfull \hbox (badness 10000) in paragraph at lines 768--768
\T5/lmr/m/n/12 idUser: m¢ id
 []


Underfull \hbox (badness 4429) in paragraph at lines 768--768
\T5/lmr/m/n/12 user, nickname: t¶n
 []


Underfull \hbox (badness 2050) in paragraph at lines 768--768
[]\T5/lmr/m/n/12 Userid: m¢ id user,
 []


Overfull \hbox (23.36859pt too wide) in alignment at lines 768--768
 [] [] [] [] 
 []

<./imgs/diagrams/credential_procedure.png, id=183, 294.8616pt x 93.951pt>
File: ./imgs/diagrams/credential_procedure.png Graphic file (type png)
<use ./imgs/diagrams/credential_procedure.png>
Package pdftex.def Info: ./imgs/diagrams/credential_procedure.png  used on inpu
t line 773.
(pdftex.def)             Requested size: 483.69684pt x 154.12794pt.

Overfull \hbox (1.82138pt too wide) in paragraph at lines 773--774
 [] 
 []


Overfull \hbox (23.36859pt too wide) in alignment at lines 790--790
 [] [] [] [] 
 []


Overfull \hbox (23.36859pt too wide) in alignment at lines 790--790
 [] [] [] [] 
 []


Underfull \hbox (badness 2173) in paragraph at lines 790--790
[]\T5/lmr/m/n/12 Username: t¶n ^^_«ng
 []


Underfull \hbox (badness 2173) in paragraph at lines 790--790
[]\T5/lmr/m/n/12 Username: t¶n ^^_«ng
 []


Underfull \hbox (badness 1038) in paragraph at lines 790--790
\T5/lmr/m/n/12 nickname, Emai: ^^_àa
 []


Overfull \hbox (23.36859pt too wide) in alignment at lines 790--790
 [] [] [] [] 
 []


Package fancyhdr Warning: \headheight is too small (12.0pt): 
(fancyhdr)                Make it at least 17.10004pt, for example:
(fancyhdr)                \setlength{\headheight}{17.10004pt}.
(fancyhdr)                You might also make \topmargin smaller to compensate:

(fancyhdr)                \addtolength{\topmargin}{-5.10004pt}.

[37 <./imgs/diagrams/payment_procedure.png> <./imgs/diagrams/credential_procedu
re.png>]) (./segments/part_5_implementation.tex

Package fancyhdr Warning: \headheight is too small (12.0pt): 
(fancyhdr)                Make it at least 17.10004pt, for example:
(fancyhdr)                \setlength{\headheight}{17.10004pt}.
(fancyhdr)                You might also make \topmargin smaller to compensate:

(fancyhdr)                \addtolength{\topmargin}{-5.10004pt}.

[38]
Ch\uhorn \ohorn ng 5.
<./imgs/layouts/home.png, id=192, 2569.6pt x 1690.315pt>
File: ./imgs/layouts/home.png Graphic file (type png)
<use ./imgs/layouts/home.png>
Package pdftex.def Info: ./imgs/layouts/home.png  used on input line 8.
(pdftex.def)             Requested size: 241.84042pt x 227.61525pt.
<./imgs/layouts/streamer.png, id=193, 2569.6pt x 2750.275pt>
File: ./imgs/layouts/streamer.png Graphic file (type png)
<use ./imgs/layouts/streamer.png>
Package pdftex.def Info: ./imgs/layouts/streamer.png  used on input line 8.
(pdftex.def)             Requested size: 241.84042pt x 227.58034pt.

Overfull \hbox (25.80542pt too wide) in paragraph at lines 7--11
[][] 
 []

<./imgs/layouts/viewer.png, id=194, 2569.6pt x 2294.5725pt>
File: ./imgs/layouts/viewer.png Graphic file (type png)
<use ./imgs/layouts/viewer.png>
Package pdftex.def Info: ./imgs/layouts/viewer.png  used on input line 17.
(pdftex.def)             Requested size: 241.84042pt x 227.61504pt.
<./imgs/layouts/option_buy.png, id=195, 283.0575pt x 217.81375pt>
File: ./imgs/layouts/option_buy.png Graphic file (type png)
<use ./imgs/layouts/option_buy.png>
Package pdftex.def Info: ./imgs/layouts/option_buy.png  used on input line 17.
(pdftex.def)             Requested size: 241.85686pt x 227.62103pt.

Overfull \hbox (25.82185pt too wide) in paragraph at lines 16--20
[][] 
 []

[39

 <./imgs/layouts/home.png (PNG copy)> <./imgs/layouts/streamer.png (PNG copy)>]
<./imgs/layouts/proceed_to_payment.png, id=199, 2569.6pt x 1993.4475pt>
File: ./imgs/layouts/proceed_to_payment.png Graphic file (type png)
<use ./imgs/layouts/proceed_to_payment.png>
Package pdftex.def Info: ./imgs/layouts/proceed_to_payment.png  used on input l
ine 26.
(pdftex.def)             Requested size: 241.84042pt x 227.6143pt.
<./imgs/layouts/donate.png, id=200, 2569.6pt x 2099.845pt>
File: ./imgs/layouts/donate.png Graphic file (type png)
<use ./imgs/layouts/donate.png>
Package pdftex.def Info: ./imgs/layouts/donate.png  used on input line 26.
(pdftex.def)             Requested size: 241.84042pt x 227.61935pt.

Overfull \hbox (25.80542pt too wide) in paragraph at lines 25--29
[][] 
 []

<./imgs/layouts/profile.png, id=201, 2599.7125pt x 1927.2pt>
File: ./imgs/layouts/profile.png Graphic file (type png)
<use ./imgs/layouts/profile.png>
Package pdftex.def Info: ./imgs/layouts/profile.png  used on input line 35.
(pdftex.def)             Requested size: 241.81836pt x 227.60759pt.
<./imgs/layouts/history_donate.png, id=202, 2599.7125pt x 1899.095pt>
File: ./imgs/layouts/history_donate.png Graphic file (type png)
<use ./imgs/layouts/history_donate.png>
Package pdftex.def Info: ./imgs/layouts/history_donate.png  used on input line 
35.
(pdftex.def)             Requested size: 241.81836pt x 227.62076pt.

Overfull \hbox (25.76129pt too wide) in paragraph at lines 34--38
[][] 
 []


Package fancyhdr Warning: \headheight is too small (12.0pt): 
(fancyhdr)                Make it at least 14.49998pt, for example:
(fancyhdr)                \setlength{\headheight}{14.49998pt}.
(fancyhdr)                You might also make \topmargin smaller to compensate:

(fancyhdr)                \addtolength{\topmargin}{-2.49998pt}.

[40 <./imgs/layouts/viewer.png (PNG copy)> <./imgs/layouts/option_buy.png> <./i
mgs/layouts/proceed_to_payment.png> <./imgs/layouts/donate.png>]
<./imgs/layouts/history_tokens.png, id=209, 2599.7125pt x 1702.36pt>
File: ./imgs/layouts/history_tokens.png Graphic file (type png)
<use ./imgs/layouts/history_tokens.png>
Package pdftex.def Info: ./imgs/layouts/history_tokens.png  used on input line 
44.
(pdftex.def)             Requested size: 241.81836pt x 227.60072pt.
<./imgs/layouts/videos.png, id=210, 2569.6pt x 2214.2725pt>
File: ./imgs/layouts/videos.png Graphic file (type png)
<use ./imgs/layouts/videos.png>
Package pdftex.def Info: ./imgs/layouts/videos.png  used on input line 44.
(pdftex.def)             Requested size: 241.84042pt x 227.58946pt.

Overfull \hbox (25.78336pt too wide) in paragraph at lines 43--47
[][] 
 []

File: ./imgs/layouts/history_tokens.png Graphic file (type png)
<use ./imgs/layouts/history_tokens.png>
Package pdftex.def Info: ./imgs/layouts/history_tokens.png  used on input line 
53.
(pdftex.def)             Requested size: 241.81836pt x 227.60072pt.
File: ./imgs/layouts/videos.png Graphic file (type png)
<use ./imgs/layouts/videos.png>
Package pdftex.def Info: ./imgs/layouts/videos.png  used on input line 53.
(pdftex.def)             Requested size: 241.84042pt x 227.58946pt.

Overfull \hbox (25.78336pt too wide) in paragraph at lines 52--56
[][] 
 []


Package fancyhdr Warning: \headheight is too small (12.0pt): 
(fancyhdr)                Make it at least 14.49998pt, for example:
(fancyhdr)                \setlength{\headheight}{14.49998pt}.
(fancyhdr)                You might also make \topmargin smaller to compensate:

(fancyhdr)                \addtolength{\topmargin}{-2.49998pt}.

[41 <./imgs/layouts/profile.png (PNG copy)> <./imgs/layouts/history_donate.png 
(PNG copy)> <./imgs/layouts/history_tokens.png (PNG copy)> <./imgs/layouts/vide
os.png (PNG copy)>]
<./imgs/layouts/users.png, id=214, 2569.6pt x 1517.67pt>
File: ./imgs/layouts/users.png Graphic file (type png)
<use ./imgs/layouts/users.png>
Package pdftex.def Info: ./imgs/layouts/users.png  used on input line 62.
(pdftex.def)             Requested size: 241.84042pt x 227.61752pt.
<./imgs/layouts/statistics.png, id=215, 2569.6pt x 2874.74pt>
File: ./imgs/layouts/statistics.png Graphic file (type png)
<use ./imgs/layouts/statistics.png>
Package pdftex.def Info: ./imgs/layouts/statistics.png  used on input line 62.
(pdftex.def)             Requested size: 241.84042pt x 227.61519pt.

Overfull \hbox (25.80542pt too wide) in paragraph at lines 61--65
[][] 
 []

<./imgs/stores/user_controller.png, id=216, 814.04124pt x 244.915pt>
File: ./imgs/stores/user_controller.png Graphic file (type png)
<use ./imgs/stores/user_controller.png>
Package pdftex.def Info: ./imgs/stores/user_controller.png  used on input line 
82.
(pdftex.def)             Requested size: 483.69684pt x 145.52628pt.

Overfull \hbox (1.82138pt too wide) in paragraph at lines 82--83
 [] 
 []


Package fancyhdr Warning: \headheight is too small (12.0pt): 
(fancyhdr)                Make it at least 14.49998pt, for example:
(fancyhdr)                \setlength{\headheight}{14.49998pt}.
(fancyhdr)                You might also make \topmargin smaller to compensate:

(fancyhdr)                \addtolength{\topmargin}{-2.49998pt}.

[42 <./imgs/layouts/users.png (PNG copy)> <./imgs/layouts/statistics.png>]
Underfull \hbox (badness 10000) in paragraph at lines 124--124
[]\T5/lmr/m/n/12 isSubcribe, hostId,
 []


Underfull \hbox (badness 2772) in paragraph at lines 124--124
[]\T5/lmr/m/n/12 Truy v§n lo¤i User
 []


Underfull \hbox (badness 10000) in paragraph at lines 124--124
[]\T5/lmr/m/n/12 fileName, image,
 []


Underfull \hbox (badness 10000) in paragraph at lines 124--124
[]\T5/lmr/m/n/12 id, fullName,
 []

<./imgs/stores/streamer_controller.png, id=222, 753.81625pt x 375.4025pt>
File: ./imgs/stores/streamer_controller.png Graphic file (type png)
<use ./imgs/stores/streamer_controller.png>
Package pdftex.def Info: ./imgs/stores/streamer_controller.png  used on input l
ine 131.
(pdftex.def)             Requested size: 483.69684pt x 240.88115pt.

Overfull \hbox (1.82138pt too wide) in paragraph at lines 131--132
 [] 
 []


Package fancyhdr Warning: \headheight is too small (12.0pt): 
(fancyhdr)                Make it at least 15.07204pt, for example:
(fancyhdr)                \setlength{\headheight}{15.07204pt}.
(fancyhdr)                You might also make \topmargin smaller to compensate:

(fancyhdr)                \addtolength{\topmargin}{-3.07204pt}.

[43 <./imgs/stores/user_controller.png>]
Underfull \hbox (badness 2205) in paragraph at lines 189--189
[]\T5/lmr/m/n/12 Hiºn thà danh s¡ch
 []


Underfull \hbox (badness 10000) in paragraph at lines 189--189
[]\T5/lmr/m/n/12 userId, title,
 []


Underfull \hbox (badness 10000) in paragraph at lines 189--189
\T5/lmr/m/n/12 description, tag,
 []


Underfull \hbox (badness 10000) in paragraph at lines 189--189
[]\T5/lmr/m/n/12 roomId, streamerId,
 []


Underfull \hbox (badness 10000) in paragraph at lines 189--189
[]\T5/lmr/m/n/12 fileName, UserId,
 []


Underfull \hbox (badness 10000) in paragraph at lines 189--189
[]\T5/lmr/m/n/12 fileName, UserId,
 []


Underfull \hbox (badness 10000) in paragraph at lines 189--189
[]\T5/lmr/m/n/12 UserId, title,
 []


Underfull \hbox (badness 1515) in paragraph at lines 189--189
[]\T5/lmr/m/n/12 View liveStream l÷u
 []


Underfull \hbox (badness 10000) in paragraph at lines 189--189
[]\T5/lmr/m/n/12 UserId, title,
 []


Underfull \hbox (badness 1515) in paragraph at lines 189--189
[]\T5/lmr/m/n/12 View liveStream l÷u
 []


Underfull \hbox (badness 10000) in paragraph at lines 189--189
[]\T5/lmr/m/n/12 UserId, title,
 []


Underfull \hbox (badness 1515) in paragraph at lines 189--189
[]\T5/lmr/m/n/12 View liveStream l÷u
 []


Underfull \hbox (badness 2205) in paragraph at lines 189--189
[]\T5/lmr/m/n/12 Hi»n thà danh s¡ch
 []


Underfull \hbox (badness 10000) in paragraph at lines 189--189
[]\T5/lmr/m/n/12 UserId, title,
 []


Underfull \hbox (badness 10000) in paragraph at lines 189--189
[]\T5/lmr/m/n/12 UserId, title,
 []


Package fancyhdr Warning: \headheight is too small (12.0pt): 
(fancyhdr)                Make it at least 15.07204pt, for example:
(fancyhdr)                \setlength{\headheight}{15.07204pt}.
(fancyhdr)                You might also make \topmargin smaller to compensate:

(fancyhdr)                \addtolength{\topmargin}{-3.07204pt}.

[44 <./imgs/stores/streamer_controller.png>]
<./imgs/stores/credential_controller.png, id=231, 743.77875pt x 154.5775pt>
File: ./imgs/stores/credential_controller.png Graphic file (type png)
<use ./imgs/stores/credential_controller.png>
Package pdftex.def Info: ./imgs/stores/credential_controller.png  used on input
 line 196.
(pdftex.def)             Requested size: 483.69684pt x 100.52841pt.

Overfull \hbox (1.82138pt too wide) in paragraph at lines 196--197
 [] 
 []


Underfull \hbox (badness 10000) in paragraph at lines 214--214
[]\T5/lmr/m/n/12 L m vi»c vîi dú li»u
 []


Underfull \hbox (badness 10000) in paragraph at lines 230--230
[]\T5/lmr/m/n/12 View Form Login
 []


Underfull \hbox (badness 7308) in paragraph at lines 230--230
[]\T5/lmr/m/n/12 username, password,
 []


Underfull \hbox (badness 10000) in paragraph at lines 230--230
[]\T5/lmr/m/n/12 Ph÷ìng thùc n y
 []


Underfull \hbox (badness 5077) in paragraph at lines 230--230
\T5/lmr/m/n/12 dòng ^^_º cªp nhªp
 []


Package fancyhdr Warning: \headheight is too small (12.0pt): 
(fancyhdr)                Make it at least 15.07204pt, for example:
(fancyhdr)                \setlength{\headheight}{15.07204pt}.
(fancyhdr)                You might also make \topmargin smaller to compensate:

(fancyhdr)                \addtolength{\topmargin}{-3.07204pt}.

[45 <./imgs/stores/credential_controller.png>]
<./imgs/stores/payment_controller.png, id=236, 777.90625pt x 191.71625pt>
File: ./imgs/stores/payment_controller.png Graphic file (type png)
<use ./imgs/stores/payment_controller.png>
Package pdftex.def Info: ./imgs/stores/payment_controller.png  used on input li
ne 237.
(pdftex.def)             Requested size: 483.69684pt x 119.21095pt.

Overfull \hbox (1.82138pt too wide) in paragraph at lines 237--238
 [] 
 []


Overfull \hbox (1.42674pt too wide) in paragraph at lines 273--273
[]\T5/lmr/m/n/12 OptionsPurchase| 
 []


Underfull \hbox (badness 2205) in paragraph at lines 273--273
[]\T5/lmr/m/n/12 Hi»n thà danh s¡ch
 []


Underfull \hbox (badness 5091) in paragraph at lines 273--273
[]\T5/lmr/m/n/12 id, amount, idUser,
 []


Underfull \hbox (badness 10000) in paragraph at lines 273--273
\T5/lmr/m/n/12 nickname, currency,
 []

<./imgs/stores/assets_video_controller.png, id=237, 814.04124pt x 111.41624pt>
File: ./imgs/stores/assets_video_controller.png Graphic file (type png)
<use ./imgs/stores/assets_video_controller.png>
Package pdftex.def Info: ./imgs/stores/assets_video_controller.png  used on inp
ut line 280.
(pdftex.def)             Requested size: 483.69684pt x 66.20253pt.

Overfull \hbox (1.82138pt too wide) in paragraph at lines 280--281
 [] 
 []


Package fancyhdr Warning: \headheight is too small (12.0pt): 
(fancyhdr)                Make it at least 15.07204pt, for example:
(fancyhdr)                \setlength{\headheight}{15.07204pt}.
(fancyhdr)                You might also make \topmargin smaller to compensate:

(fancyhdr)                \addtolength{\topmargin}{-3.07204pt}.

[46 <./imgs/stores/payment_controller.png>]
<./imgs/stores/assets_image_controller.png, id=242, 814.04124pt x 111.41624pt>
File: ./imgs/stores/assets_image_controller.png Graphic file (type png)
<use ./imgs/stores/assets_image_controller.png>
Package pdftex.def Info: ./imgs/stores/assets_image_controller.png  used on inp
ut line 315.
(pdftex.def)             Requested size: 483.69684pt x 66.20253pt.

Overfull \hbox (1.82138pt too wide) in paragraph at lines 315--316
 [] 
 []

<./imgs/diagrams/email_service.png, id=243, 643.40375pt x 60.225pt>
File: ./imgs/diagrams/email_service.png Graphic file (type png)
<use ./imgs/diagrams/email_service.png>
Package pdftex.def Info: ./imgs/diagrams/email_service.png  used on input line 
351.
(pdftex.def)             Requested size: 483.69684pt x 45.27705pt.

Overfull \hbox (1.82138pt too wide) in paragraph at lines 351--352
 [] 
 []


Package fancyhdr Warning: \headheight is too small (12.0pt): 
(fancyhdr)                Make it at least 15.07204pt, for example:
(fancyhdr)                \setlength{\headheight}{15.07204pt}.
(fancyhdr)                You might also make \topmargin smaller to compensate:

(fancyhdr)                \addtolength{\topmargin}{-3.07204pt}.

[47 <./imgs/stores/assets_video_controller.png> <./imgs/stores/assets_image_con
troller.png>]) (./segments/part_6_testing.tex

Package fancyhdr Warning: \headheight is too small (12.0pt): 
(fancyhdr)                Make it at least 15.07204pt, for example:
(fancyhdr)                \setlength{\headheight}{15.07204pt}.
(fancyhdr)                You might also make \topmargin smaller to compensate:

(fancyhdr)                \addtolength{\topmargin}{-3.07204pt}.

[48 <./imgs/diagrams/email_service.png>]
Ch\uhorn \ohorn ng 6.
[49

]
Underfull \hbox (badness 10000) in paragraph at lines 664--664
[]\T5/lmr/bx/n/10 Date
 []


Overfull \hbox (10.14398pt too wide) in alignment at lines 664--664
 [] [] [] [] [] [] [] [] 
 []


Underfull \hbox (badness 10000) in paragraph at lines 664--664
[]\T5/lmr/bx/n/10 Date
 []


Overfull \hbox (10.14398pt too wide) in alignment at lines 664--664
 [] [] [] [] [] [] [] [] 
 []


Underfull \hbox (badness 10000) in paragraph at lines 664--664
[]\T5/lmr/m/n/10 Nh§n v o ^^_÷íng d¨n
 []


Underfull \hbox (badness 10000) in paragraph at lines 664--664
\T5/lmr/m/n/10 "Nickname", "Email",
 []


Underfull \hbox (badness 10000) in paragraph at lines 664--664
[]\T5/lmr/m/n/10 "an1234",
 []


Underfull \hbox (badness 10000) in paragraph at lines 664--664
\T5/lmr/m/n/10 "anntps12@gmail.com",
 []


Underfull \hbox (badness 10000) in paragraph at lines 664--664
\T5/lmr/m/n/10 "anntps10672",
 []


Underfull \hbox (badness 10000) in paragraph at lines 664--664
[]\T5/lmr/m/n/10 "null",
 []


Underfull \hbox (badness 10000) in paragraph at lines 664--664
\T5/lmr/m/n/10 "anntps12@gmail.com",
 []


Underfull \hbox (badness 10000) in paragraph at lines 664--664
\T5/lmr/m/n/10 "anntps10672",
 []


Underfull \hbox (badness 10000) in paragraph at lines 664--664
[]\T5/lmr/m/n/10 "#$",
 []


Underfull \hbox (badness 10000) in paragraph at lines 664--664
\T5/lmr/m/n/10 "anntps12@gmail.com",
 []


Underfull \hbox (badness 10000) in paragraph at lines 664--664
\T5/lmr/m/n/10 "anntps10672",
 []


Underfull \hbox (badness 10000) in paragraph at lines 664--664
[]\T5/lmr/m/n/10 "an1234",
 []


Underfull \hbox (badness 10000) in paragraph at lines 664--664
\T5/lmr/m/n/10 "#2323_gmail.com",
 []


Underfull \hbox (badness 10000) in paragraph at lines 664--664
\T5/lmr/m/n/10 "anntps10672",
 []


Underfull \hbox (badness 10000) in paragraph at lines 664--664
[]\T5/lmr/m/n/10 "an1234",
 []


Underfull \hbox (badness 10000) in paragraph at lines 664--664
\T5/lmr/m/n/10 "123@gmail.com",
 []


Underfull \hbox (badness 10000) in paragraph at lines 664--664
\T5/lmr/m/n/10 "anntps10672",
 []


Underfull \hbox (badness 10000) in paragraph at lines 664--664
[]\T5/lmr/m/n/10 Hiºn thà thæng b¡o:
 []


Underfull \hbox (badness 10000) in paragraph at lines 664--664
\T5/lmr/m/n/10 name khæng ^^_÷ñc ^^_º
 []


Underfull \hbox (badness 10000) in paragraph at lines 664--664
[]\T5/lmr/m/n/10 Form ^^_«ng
 []


Underfull \hbox (badness 10000) in paragraph at lines 664--664
[]\T5/lmr/m/n/10 Nhªp username +
 []


Underfull \hbox (badness 10000) in paragraph at lines 664--664
[]\T5/lmr/m/n/10 "anntps10672",
 []


Underfull \hbox (badness 10000) in paragraph at lines 664--664
[]\T5/lmr/m/n/10 Hiºn thà thæng b¡o:
 []


Underfull \hbox (badness 2970) in paragraph at lines 664--664
[]\T5/lmr/m/n/10 Nh§n v o button login
 []


Underfull \hbox (badness 10000) in paragraph at lines 664--664
[]\T5/lmr/m/n/10 Hiºn thà thæng b¡o:
 []


Underfull \hbox (badness 3058) in paragraph at lines 664--664
\T5/lmr/m/n/10 "Th nh cæng. Vui láng
 []


Underfull \hbox (badness 6592) in paragraph at lines 664--664
\T5/lmr/m/n/10 kh©u x¡c nhªn khæng
 []


Underfull \hbox (badness 10000) in paragraph at lines 664--664
[]\T5/lmr/m/n/10 Form ^^_«ng
 []


Underfull \hbox (badness 10000) in paragraph at lines 664--664
[]\T5/lmr/m/n/10 ^^^i·u h÷îng
 []


Underfull \hbox (badness 7451) in paragraph at lines 664--664
[]\T5/lmr/m/n/10 Nh§n v o ^^_÷íng biºu
 []


Underfull \hbox (badness 10000) in paragraph at lines 664--664
[]\T5/lmr/m/n/10 ^^^i·u h÷îng tîi
 []


Underfull \hbox (badness 10000) in paragraph at lines 664--664
[]\T5/lmr/m/n/10 ^^^i·u h÷îng tîi
 []


Underfull \hbox (badness 10000) in paragraph at lines 664--664
[]\T5/lmr/m/n/10 ^^^i·u h÷îng tîi
 []


Underfull \hbox (badness 10000) in paragraph at lines 664--664
[]\T5/lmr/m/n/10 Get quy·n
 []


Underfull \hbox (badness 10000) in paragraph at lines 664--664
\T5/lmr/m/n/10 ^^_÷ñc "Live
 []


Underfull \hbox (badness 10000) in paragraph at lines 664--664
[]\T5/lmr/m/n/10 Hiºn thà thæng b¡o
 []


Underfull \hbox (badness 10000) in paragraph at lines 664--664
[]\T5/lmr/m/n/10 Trang live
 []


Underfull \hbox (badness 10000) in paragraph at lines 664--664
[]\T5/lmr/m/n/10 ^^^i·n "Title",
 []


Underfull \hbox (badness 10000) in paragraph at lines 664--664
\T5/lmr/m/n/10 "Description", "Tags"
 []


Underfull \hbox (badness 10000) in paragraph at lines 664--664
[]\T5/lmr/m/n/10 "title", "description",
 []


Underfull \hbox (badness 10000) in paragraph at lines 664--664
[]\T5/lmr/m/n/10 Trang live
 []


Underfull \hbox (badness 10000) in paragraph at lines 664--664
[]\T5/lmr/m/n/10 C¡c chùc
 []


Underfull \hbox (badness 10000) in paragraph at lines 664--664
\T5/lmr/m/n/10 n«ng trong
 []


Underfull \hbox (badness 10000) in paragraph at lines 664--664
\T5/lmr/m/n/10 stream cõa
 []


Underfull \hbox (badness 1158) in paragraph at lines 664--664
\T5/lmr/m/n/10 lªp thumbnail, title cho
 []


Underfull \hbox (badness 10000) in paragraph at lines 664--664
[]\T5/lmr/m/n/10 Trang xem
 []


Underfull \hbox (badness 10000) in paragraph at lines 664--664
\T5/lmr/m/n/10 video ^^_ang
 []


Underfull \hbox (badness 1062) in paragraph at lines 664--664
\T5/lmr/m/n/10 líi nh­n ^^_º donate cho
 []


Underfull \hbox (badness 10000) in paragraph at lines 664--664
[]\T5/lmr/m/n/10 Chùc n«ng
 []


Underfull \hbox (badness 10000) in paragraph at lines 664--664
[]\T5/lmr/m/n/10 Hiºn thà thæng b¡o
 []


Underfull \hbox (badness 10000) in paragraph at lines 664--664
\T5/lmr/m/n/10 "Donate th nh cæng".
 []


Underfull \hbox (badness 2903) in paragraph at lines 664--664
\T5/lmr/m/n/10 Sau ^^_â gûi thæng b¡o
 []


Underfull \hbox (badness 10000) in paragraph at lines 664--664
\T5/lmr/m/n/10 broadcast tîi pháng
 []


Underfull \hbox (badness 10000) in paragraph at lines 664--664
[]\T5/lmr/m/n/10 Hiºn thà thæng b¡o
 []


Underfull \hbox (badness 10000) in paragraph at lines 664--664
[]\T5/lmr/m/n/10 Hiºn thà thæng b¡o
 []


Underfull \hbox (badness 10000) in paragraph at lines 664--664
[]\T5/lmr/m/n/10 Hiºn thà thæng b¡o
 []


Underfull \hbox (badness 10000) in paragraph at lines 664--664
[]\T5/lmr/m/n/10 Hiºn thà thæng b¡o
 []


Underfull \hbox (badness 10000) in paragraph at lines 664--664
[]\T5/lmr/m/n/10 Hiºn thà thæng b¡o
 []


Underfull \hbox (badness 10000) in paragraph at lines 664--664
[]\T5/lmr/m/n/10 History
 []


Underfull \hbox (badness 10000) in paragraph at lines 664--664
[]\T5/lmr/m/n/10 ^^^i·u h÷îng tîi trang
 []


Underfull \hbox (badness 3919) in paragraph at lines 664--664
[]\T5/lmr/m/n/10 Hiºn thà b£ng làch sû
 []


Underfull \hbox (badness 10000) in paragraph at lines 664--664
[]\T5/lmr/m/n/10 History Buy
 []


Underfull \hbox (badness 7326) in paragraph at lines 664--664
[]\T5/lmr/m/n/10 Làch sû buy
 []


Underfull \hbox (badness 10000) in paragraph at lines 664--664
[]\T5/lmr/m/n/10 ^^^i·u h÷îng tîi trang
 []


Underfull \hbox (badness 10000) in paragraph at lines 664--664
\T5/lmr/m/n/10 "/profile/history-buy-
 []


Underfull \hbox (badness 10000) in paragraph at lines 664--664
[]\T5/lmr/m/n/10 Chån filter "Video
 []


Underfull \hbox (badness 10000) in paragraph at lines 664--664
\T5/lmr/m/n/10 Streaming" v  nhªp
 []


Underfull \hbox (badness 2080) in paragraph at lines 664--664
[]\T5/lmr/m/n/10 Chån filter "Videos" v 
 []


Underfull \hbox (badness 10000) in paragraph at lines 664--664
[]\T5/lmr/m/n/10 Chån filter "Members
 []


Underfull \hbox (badness 2884) in paragraph at lines 664--664
\T5/lmr/m/n/10 Streaming" v  nhªp tø
 []


Underfull \hbox (badness 10000) in paragraph at lines 664--664
[]\T5/lmr/m/n/10 ^^^i·u h÷îng ^^_ang
 []


Underfull \hbox (badness 6625) in paragraph at lines 664--664
\T5/lmr/m/n/10 "members", hi»n pháng
 []


Underfull \hbox (badness 10000) in paragraph at lines 664--664
[]\T5/lmr/m/n/10 ^^^i·u h÷îng tîi trang
 []


Underfull \hbox (badness 10000) in paragraph at lines 664--664
[]\T5/lmr/m/n/10 ^^^i·u h÷îng tîi trang
 []


Underfull \hbox (badness 10000) in paragraph at lines 664--664
[]\T5/lmr/m/n/10 Xem thèng
 []


Underfull \hbox (badness 2057) in paragraph at lines 664--664
\T5/lmr/m/n/10 l÷ñt theo dãi
 []


Underfull \hbox (badness 10000) in paragraph at lines 664--664
[]\T5/lmr/m/n/10 ^^^i·u h÷îng tîi trang
 []


Overfull \hbox (10.14398pt too wide) in alignment at lines 664--664
 [] [] [] [] [] [] [] [] 
 []


Package fancyhdr Warning: \headheight is too small (12.0pt): 
(fancyhdr)                Make it at least 17.10004pt, for example:
(fancyhdr)                \setlength{\headheight}{17.10004pt}.
(fancyhdr)                You might also make \topmargin smaller to compensate:

(fancyhdr)                \addtolength{\topmargin}{-5.10004pt}.

[50

]

Package fancyhdr Warning: \headheight is too small (12.0pt): 
(fancyhdr)                Make it at least 17.10004pt, for example:
(fancyhdr)                \setlength{\headheight}{17.10004pt}.
(fancyhdr)                You might also make \topmargin smaller to compensate:

(fancyhdr)                \addtolength{\topmargin}{-5.10004pt}.

[51]

Package fancyhdr Warning: \headheight is too small (12.0pt): 
(fancyhdr)                Make it at least 17.10004pt, for example:
(fancyhdr)                \setlength{\headheight}{17.10004pt}.
(fancyhdr)                You might also make \topmargin smaller to compensate:

(fancyhdr)                \addtolength{\topmargin}{-5.10004pt}.

[52]

Package fancyhdr Warning: \headheight is too small (12.0pt): 
(fancyhdr)                Make it at least 17.10004pt, for example:
(fancyhdr)                \setlength{\headheight}{17.10004pt}.
(fancyhdr)                You might also make \topmargin smaller to compensate:

(fancyhdr)                \addtolength{\topmargin}{-5.10004pt}.

[53]

Package fancyhdr Warning: \headheight is too small (12.0pt): 
(fancyhdr)                Make it at least 17.10004pt, for example:
(fancyhdr)                \setlength{\headheight}{17.10004pt}.
(fancyhdr)                You might also make \topmargin smaller to compensate:

(fancyhdr)                \addtolength{\topmargin}{-5.10004pt}.

[54]

Package fancyhdr Warning: \headheight is too small (12.0pt): 
(fancyhdr)                Make it at least 17.10004pt, for example:
(fancyhdr)                \setlength{\headheight}{17.10004pt}.
(fancyhdr)                You might also make \topmargin smaller to compensate:

(fancyhdr)                \addtolength{\topmargin}{-5.10004pt}.

[55]) (./segments/part_7_packaging.tex
Ch\uhorn \ohorn ng 7.

Overfull \hbox (41.82756pt too wide) in paragraph at lines 25--26
[]\T5/lmr/m/n/12 B÷îc 1: Tr÷îc ti¶n b¤n ph£i c i ^^_°t mæi tr÷íng NodeJS versio
n mîi nh§t (https://nodejs.org/en/). 
 []

) (./segments/part_8_conclusion.tex [56


]
Ch\uhorn \ohorn ng 8.
)

Package caption Warning: Unused \captionsetup[tabu] on input line 31.
See the caption package documentation for explanation.

[57

] (./BC_NHOM1.aux) ) 
Here is how much of TeX's memory you used:
 8514 strings out of 478994
 133814 string characters out of 5858185
 570936 words of memory out of 5000000
 25766 multiletter control sequences out of 15000+600000
 502234 words of font info for 81 fonts, out of 8000000 for 9000
 1141 hyphenation exceptions out of 8191
 68i,14n,74p,1202b,679s stack positions out of 5000i,500n,10000p,200000b,80000s
{/usr/local/texlive/2021/texmf-dist/fonts/enc/dvips/lm/lm-t
5.enc}{/usr/local/texlive/2021/texmf-dist/fonts/enc/dvips/lm/lm-ts1.enc}</usr/l
ocal/texlive/2021/texmf-dist/fonts/type1/public/lm/lmbx10.pfb></usr/local/texli
ve/2021/texmf-dist/fonts/type1/public/lm/lmbx12.pfb></usr/local/texlive/2021/te
xmf-dist/fonts/type1/public/lm/lmr10.pfb></usr/local/texlive/2021/texmf-dist/fo
nts/type1/public/lm/lmr12.pfb></usr/local/texlive/2021/texmf-dist/fonts/type1/p
ublic/lm/lmr17.pfb></usr/local/texlive/2021/texmf-dist/fonts/type1/urw/zapfding
/uzdr.pfb>
Output written on BC_NHOM1.pdf (58 pages, 10815616 bytes).
PDF statistics:
 312 PDF objects out of 1000 (max. 8388607)
 153 compressed objects within 2 object streams
 0 named destinations out of 1000 (max. 500000)
 266 words of extra memory for PDF output out of 10000 (max. 10000000)

